2026-01-23 13:54:52 | metrics_collector | INFO | Metrics Collector started
2026-01-23 13:54:52 | metrics_collector | INFO | Monitoring database: C:\Users\Harsh\Desktop\post-trade-engine\db\trades.db
2026-01-23 13:54:52 | metrics_collector | INFO | Update interval: 1.0s
2026-01-23 13:54:52 | metrics_collector | INFO | Elapsed: 0.0s | Total: 249 | Current TPS: 249 | Avg TPS: 249
2026-01-23 13:54:53 | metrics_collector | INFO | Elapsed: 1.0s | Total: 249 | Current TPS: 0 | Avg TPS: 124
2026-01-23 13:54:54 | metrics_collector | INFO | Elapsed: 2.0s | Total: 249 | Current TPS: 0 | Avg TPS: 83
2026-01-23 13:54:55 | metrics_collector | INFO | Elapsed: 3.0s | Total: 249 | Current TPS: 0 | Avg TPS: 62
2026-01-23 13:54:56 | metrics_collector | INFO | Elapsed: 4.1s | Total: 249 | Current TPS: 0 | Avg TPS: 50
2026-01-23 13:54:57 | metrics_collector | INFO | Elapsed: 5.1s | Total: 249 | Current TPS: 0 | Avg TPS: 42
2026-01-23 13:54:58 | metrics_collector | INFO | Elapsed: 6.1s | Total: 249 | Current TPS: 0 | Avg TPS: 36
2026-01-23 13:54:59 | metrics_collector | INFO | Elapsed: 7.1s | Total: 249 | Current TPS: 0 | Avg TPS: 31
2026-01-23 13:55:00 | metrics_collector | INFO | Elapsed: 8.1s | Total: 249 | Current TPS: 0 | Avg TPS: 28
2026-01-23 13:55:01 | metrics_collector | INFO | Elapsed: 9.1s | Total: 249 | Current TPS: 0 | Avg TPS: 25
2026-01-23 13:55:02 | metrics_collector | INFO | Elapsed: 10.1s | Total: 249 | Current TPS: 0 | Avg TPS: 23
2026-01-23 13:55:03 | metrics_collector | INFO | Elapsed: 11.1s | Total: 249 | Current TPS: 0 | Avg TPS: 21
2026-01-23 13:55:04 | metrics_collector | INFO | Elapsed: 12.1s | Total: 249 | Current TPS: 0 | Avg TPS: 19
2026-01-23 13:55:05 | metrics_collector | INFO | Elapsed: 13.1s | Total: 249 | Current TPS: 0 | Avg TPS: 18
2026-01-23 13:55:06 | metrics_collector | INFO | Elapsed: 14.1s | Total: 249 | Current TPS: 0 | Avg TPS: 17
2026-01-23 13:55:07 | metrics_collector | INFO | Elapsed: 15.2s | Total: 249 | Current TPS: 0 | Avg TPS: 16
2026-01-23 13:55:08 | metrics_collector | INFO | Elapsed: 16.2s | Total: 249 | Current TPS: 0 | Avg TPS: 15
2026-01-23 13:55:09 | metrics_collector | INFO | Elapsed: 17.2s | Total: 249 | Current TPS: 0 | Avg TPS: 14
2026-01-23 13:55:10 | metrics_collector | INFO | Elapsed: 18.2s | Total: 249 | Current TPS: 0 | Avg TPS: 13
2026-01-23 13:55:11 | metrics_collector | INFO | Elapsed: 19.2s | Total: 249 | Current TPS: 0 | Avg TPS: 12
2026-01-23 13:55:12 | metrics_collector | INFO | Elapsed: 20.2s | Total: 249 | Current TPS: 0 | Avg TPS: 12
2026-01-23 13:55:13 | metrics_collector | INFO | Elapsed: 21.2s | Total: 249 | Current TPS: 0 | Avg TPS: 11
2026-01-23 13:55:14 | metrics_collector | INFO | Elapsed: 22.2s | Total: 249 | Current TPS: 0 | Avg TPS: 11
2026-01-23 13:55:15 | metrics_collector | INFO | Elapsed: 23.2s | Total: 249 | Current TPS: 0 | Avg TPS: 10
2026-01-23 13:55:16 | metrics_collector | INFO | Elapsed: 24.2s | Total: 249 | Current TPS: 0 | Avg TPS: 10
2026-01-23 13:55:17 | metrics_collector | INFO | Elapsed: 25.2s | Total: 249 | Current TPS: 0 | Avg TPS: 10
2026-01-23 13:55:18 | metrics_collector | INFO | Elapsed: 26.2s | Total: 249 | Current TPS: 0 | Avg TPS: 9
2026-01-23 13:55:19 | metrics_collector | INFO | Elapsed: 27.3s | Total: 249 | Current TPS: 0 | Avg TPS: 9
2026-01-23 13:55:20 | metrics_collector | INFO | Elapsed: 28.3s | Total: 249 | Current TPS: 0 | Avg TPS: 9
2026-01-23 13:55:21 | metrics_collector | INFO | Elapsed: 29.3s | Total: 249 | Current TPS: 0 | Avg TPS: 8
2026-01-23 13:55:22 | metrics_collector | INFO | Elapsed: 30.3s | Total: 249 | Current TPS: 0 | Avg TPS: 8
2026-01-23 13:55:23 | metrics_collector | INFO | Elapsed: 31.3s | Total: 249 | Current TPS: 0 | Avg TPS: 8
2026-01-23 13:55:24 | metrics_collector | INFO | Elapsed: 32.3s | Total: 249 | Current TPS: 0 | Avg TPS: 8
2026-01-23 13:55:25 | metrics_collector | INFO | Elapsed: 33.3s | Total: 249 | Current TPS: 0 | Avg TPS: 7
2026-01-23 13:55:26 | metrics_collector | INFO | Elapsed: 34.3s | Total: 249 | Current TPS: 0 | Avg TPS: 7
2026-01-23 13:55:27 | metrics_collector | INFO | Elapsed: 35.3s | Total: 249 | Current TPS: 0 | Avg TPS: 7
2026-01-23 13:55:28 | metrics_collector | INFO | Elapsed: 36.3s | Total: 249 | Current TPS: 0 | Avg TPS: 7
2026-01-23 13:55:29 | metrics_collector | INFO | Elapsed: 37.3s | Total: 249 | Current TPS: 0 | Avg TPS: 7
2026-01-23 13:55:30 | metrics_collector | INFO | Elapsed: 38.4s | Total: 249 | Current TPS: 0 | Avg TPS: 6
2026-01-23 13:55:31 | metrics_collector | INFO | Elapsed: 39.4s | Total: 249 | Current TPS: 0 | Avg TPS: 6
2026-01-23 13:55:32 | metrics_collector | INFO | Elapsed: 40.4s | Total: 249 | Current TPS: 0 | Avg TPS: 6
2026-01-23 13:55:33 | metrics_collector | INFO | Elapsed: 41.4s | Total: 249 | Current TPS: 0 | Avg TPS: 6
2026-01-23 13:55:34 | metrics_collector | INFO | Elapsed: 42.4s | Total: 249 | Current TPS: 0 | Avg TPS: 6
2026-01-23 13:55:35 | metrics_collector | INFO | Elapsed: 43.4s | Total: 249 | Current TPS: 0 | Avg TPS: 6
2026-01-23 13:55:36 | metrics_collector | INFO | Elapsed: 44.4s | Total: 249 | Current TPS: 0 | Avg TPS: 6
2026-01-23 13:55:37 | metrics_collector | INFO | Elapsed: 45.4s | Total: 249 | Current TPS: 0 | Avg TPS: 5
2026-01-23 13:55:38 | metrics_collector | INFO | Elapsed: 46.4s | Total: 249 | Current TPS: 0 | Avg TPS: 5
2026-01-23 13:55:39 | metrics_collector | INFO | Elapsed: 47.4s | Total: 249 | Current TPS: 0 | Avg TPS: 5
2026-01-23 13:55:40 | metrics_collector | INFO | Elapsed: 48.4s | Total: 249 | Current TPS: 0 | Avg TPS: 5
2026-01-23 13:55:41 | metrics_collector | INFO | Elapsed: 49.4s | Total: 249 | Current TPS: 0 | Avg TPS: 5
2026-01-23 13:55:42 | metrics_collector | INFO | Elapsed: 50.5s | Total: 249 | Current TPS: 0 | Avg TPS: 5
2026-01-23 13:55:43 | metrics_collector | INFO | Elapsed: 51.5s | Total: 249 | Current TPS: 0 | Avg TPS: 5
2026-01-23 13:55:45 | metrics_collector | INFO | Elapsed: 52.5s | Total: 249 | Current TPS: 0 | Avg TPS: 5
2026-01-23 13:55:46 | metrics_collector | INFO | Elapsed: 53.5s | Total: 249 | Current TPS: 0 | Avg TPS: 5
2026-01-23 13:55:47 | metrics_collector | INFO | Elapsed: 54.5s | Total: 249 | Current TPS: 0 | Avg TPS: 5
2026-01-23 13:55:48 | metrics_collector | INFO | Elapsed: 55.5s | Total: 249 | Current TPS: 0 | Avg TPS: 4
2026-01-23 13:55:49 | metrics_collector | INFO | Elapsed: 56.5s | Total: 249 | Current TPS: 0 | Avg TPS: 4
2026-01-23 13:55:50 | metrics_collector | INFO | Elapsed: 57.5s | Total: 249 | Current TPS: 0 | Avg TPS: 4
2026-01-23 13:55:51 | metrics_collector | INFO | Elapsed: 58.5s | Total: 249 | Current TPS: 0 | Avg TPS: 4
2026-01-23 13:55:52 | metrics_collector | INFO | Elapsed: 59.5s | Total: 249 | Current TPS: 0 | Avg TPS: 4
2026-01-23 13:55:53 | metrics_collector | INFO | Elapsed: 60.5s | Total: 249 | Current TPS: 0 | Avg TPS: 4
2026-01-23 13:55:54 | metrics_collector | INFO | Elapsed: 61.5s | Total: 249 | Current TPS: 0 | Avg TPS: 4
2026-01-23 13:55:55 | metrics_collector | INFO | Elapsed: 62.6s | Total: 249 | Current TPS: 0 | Avg TPS: 4
2026-01-23 13:55:56 | metrics_collector | INFO | Elapsed: 63.6s | Total: 249 | Current TPS: 0 | Avg TPS: 4
2026-01-23 13:55:57 | metrics_collector | INFO | Elapsed: 64.6s | Total: 249 | Current TPS: 0 | Avg TPS: 4
2026-01-23 13:55:58 | metrics_collector | INFO | Elapsed: 65.6s | Total: 249 | Current TPS: 0 | Avg TPS: 4
2026-01-23 13:55:59 | metrics_collector | INFO | Elapsed: 66.6s | Total: 249 | Current TPS: 0 | Avg TPS: 4
2026-01-23 13:56:00 | metrics_collector | INFO | Elapsed: 67.6s | Total: 249 | Current TPS: 0 | Avg TPS: 4
2026-01-23 13:56:01 | metrics_collector | INFO | Elapsed: 68.6s | Total: 249 | Current TPS: 0 | Avg TPS: 4
2026-01-23 13:56:02 | metrics_collector | INFO | Elapsed: 69.6s | Total: 249 | Current TPS: 0 | Avg TPS: 4
2026-01-23 13:56:03 | metrics_collector | INFO | Elapsed: 70.6s | Total: 249 | Current TPS: 0 | Avg TPS: 4
2026-01-23 13:56:03 | metrics_collector | INFO | ============================================================
2026-01-23 13:56:03 | metrics_collector | INFO | FINAL SUMMARY
2026-01-23 13:56:03 | metrics_collector | INFO | Total Monitoring Time: 70.79s
2026-01-23 13:56:03 | metrics_collector | INFO | Total Trades: 249
2026-01-23 13:56:03 | metrics_collector | INFO | Average TPS: 3.51
2026-01-23 13:56:03 | metrics_collector | INFO | Peak TPS: 249.00
2026-01-23 13:56:03 | metrics_collector | INFO | ============================================================
2026-01-23 14:40:59 | metrics_collector | INFO | Metrics Collector started
2026-01-23 14:40:59 | metrics_collector | INFO | Monitoring database: C:\Users\Harsh\Desktop\post-trade-engine\db\trades.db
2026-01-23 14:40:59 | metrics_collector | INFO | Update interval: 1.0s
2026-01-23 14:40:59 | metrics_collector | INFO | Elapsed: 0.0s | Total: 0 | Current TPS: 0 | Avg TPS: 0
2026-01-23 14:41:00 | metrics_collector | INFO | Elapsed: 1.0s | Total: 0 | Current TPS: 0 | Avg TPS: 0
2026-01-23 14:41:01 | metrics_collector | INFO | Elapsed: 2.0s | Total: 0 | Current TPS: 0 | Avg TPS: 0
2026-01-23 14:41:02 | metrics_collector | INFO | Elapsed: 3.0s | Total: 0 | Current TPS: 0 | Avg TPS: 0
2026-01-23 14:41:03 | metrics_collector | INFO | Elapsed: 4.1s | Total: 0 | Current TPS: 0 | Avg TPS: 0
2026-01-23 14:41:04 | metrics_collector | INFO | Elapsed: 5.1s | Total: 0 | Current TPS: 0 | Avg TPS: 0
2026-01-23 14:41:05 | metrics_collector | INFO | Elapsed: 6.1s | Total: 39 | Current TPS: 39 | Avg TPS: 39
2026-01-23 14:41:06 | metrics_collector | INFO | Elapsed: 7.2s | Total: 111 | Current TPS: 72 | Avg TPS: 56
2026-01-23 14:41:07 | metrics_collector | INFO | Elapsed: 8.2s | Total: 215 | Current TPS: 104 | Avg TPS: 72
2026-01-23 14:41:08 | metrics_collector | INFO | Elapsed: 9.3s | Total: 327 | Current TPS: 112 | Avg TPS: 82
2026-01-23 14:41:09 | metrics_collector | INFO | Elapsed: 10.4s | Total: 443 | Current TPS: 116 | Avg TPS: 89
2026-01-23 14:41:10 | metrics_collector | INFO | Elapsed: 11.4s | Total: 562 | Current TPS: 119 | Avg TPS: 94
2026-01-23 14:41:12 | metrics_collector | INFO | Elapsed: 12.5s | Total: 689 | Current TPS: 127 | Avg TPS: 98
2026-01-23 14:41:13 | metrics_collector | INFO | Elapsed: 13.6s | Total: 813 | Current TPS: 124 | Avg TPS: 102
2026-01-23 14:41:14 | metrics_collector | INFO | Elapsed: 14.6s | Total: 919 | Current TPS: 106 | Avg TPS: 102
2026-01-23 14:41:15 | metrics_collector | INFO | Elapsed: 15.7s | Total: 1,039 | Current TPS: 120 | Avg TPS: 104
2026-01-23 14:41:16 | metrics_collector | INFO | Elapsed: 16.8s | Total: 1,164 | Current TPS: 125 | Avg TPS: 106
2026-01-23 14:41:17 | metrics_collector | INFO | Elapsed: 17.9s | Total: 1,292 | Current TPS: 128 | Avg TPS: 108
2026-01-23 14:41:18 | metrics_collector | INFO | Elapsed: 18.9s | Total: 1,433 | Current TPS: 141 | Avg TPS: 110
2026-01-23 14:41:19 | metrics_collector | INFO | Elapsed: 20.0s | Total: 1,563 | Current TPS: 130 | Avg TPS: 112
2026-01-23 14:41:20 | metrics_collector | INFO | Elapsed: 21.2s | Total: 1,686 | Current TPS: 123 | Avg TPS: 112
2026-01-23 14:41:21 | metrics_collector | INFO | Elapsed: 22.2s | Total: 1,820 | Current TPS: 134 | Avg TPS: 114
2026-01-23 14:41:22 | metrics_collector | INFO | Elapsed: 23.3s | Total: 1,964 | Current TPS: 144 | Avg TPS: 116
2026-01-23 14:41:23 | metrics_collector | INFO | Elapsed: 24.3s | Total: 2,116 | Current TPS: 152 | Avg TPS: 118
2026-01-23 14:41:24 | metrics_collector | INFO | Elapsed: 25.4s | Total: 2,264 | Current TPS: 148 | Avg TPS: 119
2026-01-23 14:41:26 | metrics_collector | INFO | Elapsed: 26.5s | Total: 2,418 | Current TPS: 154 | Avg TPS: 121
2026-01-23 14:41:27 | metrics_collector | INFO | Elapsed: 27.6s | Total: 2,562 | Current TPS: 144 | Avg TPS: 122
2026-01-23 14:41:28 | metrics_collector | INFO | Elapsed: 28.6s | Total: 2,681 | Current TPS: 119 | Avg TPS: 122
2026-01-23 14:41:29 | metrics_collector | INFO | Elapsed: 29.7s | Total: 2,822 | Current TPS: 141 | Avg TPS: 123
2026-01-23 14:41:30 | metrics_collector | INFO | Elapsed: 30.7s | Total: 2,965 | Current TPS: 143 | Avg TPS: 124
2026-01-23 14:41:31 | metrics_collector | INFO | Elapsed: 31.7s | Total: 3,104 | Current TPS: 139 | Avg TPS: 124
2026-01-23 14:41:32 | metrics_collector | INFO | Elapsed: 32.7s | Total: 3,243 | Current TPS: 139 | Avg TPS: 125
2026-01-23 14:41:33 | metrics_collector | INFO | Elapsed: 33.8s | Total: 3,362 | Current TPS: 119 | Avg TPS: 125
2026-01-23 14:41:34 | metrics_collector | INFO | Elapsed: 34.9s | Total: 3,492 | Current TPS: 130 | Avg TPS: 125
2026-01-23 14:41:35 | metrics_collector | INFO | Elapsed: 35.9s | Total: 3,631 | Current TPS: 139 | Avg TPS: 125
2026-01-23 14:41:36 | metrics_collector | INFO | Elapsed: 36.9s | Total: 3,782 | Current TPS: 151 | Avg TPS: 126
2026-01-23 14:41:37 | metrics_collector | INFO | Elapsed: 38.0s | Total: 3,940 | Current TPS: 158 | Avg TPS: 127
2026-01-23 14:41:38 | metrics_collector | INFO | Elapsed: 39.1s | Total: 4,092 | Current TPS: 152 | Avg TPS: 128
2026-01-23 14:41:39 | metrics_collector | INFO | Elapsed: 40.1s | Total: 4,248 | Current TPS: 156 | Avg TPS: 129
2026-01-23 14:41:40 | metrics_collector | INFO | Elapsed: 41.2s | Total: 4,398 | Current TPS: 150 | Avg TPS: 129
2026-01-23 14:41:41 | metrics_collector | INFO | Elapsed: 42.3s | Total: 4,535 | Current TPS: 137 | Avg TPS: 130
2026-01-23 14:41:42 | metrics_collector | INFO | Elapsed: 43.3s | Total: 4,710 | Current TPS: 175 | Avg TPS: 131
2026-01-23 14:41:43 | metrics_collector | INFO | Elapsed: 44.3s | Total: 4,872 | Current TPS: 162 | Avg TPS: 132
2026-01-23 14:41:44 | metrics_collector | INFO | Elapsed: 45.3s | Total: 5,035 | Current TPS: 163 | Avg TPS: 132
2026-01-23 14:41:45 | metrics_collector | INFO | Elapsed: 46.4s | Total: 5,206 | Current TPS: 171 | Avg TPS: 133
2026-01-23 14:41:46 | metrics_collector | INFO | Elapsed: 47.4s | Total: 5,357 | Current TPS: 151 | Avg TPS: 134
2026-01-23 14:41:47 | metrics_collector | INFO | Elapsed: 48.4s | Total: 5,507 | Current TPS: 150 | Avg TPS: 134
2026-01-23 14:41:48 | metrics_collector | INFO | Elapsed: 49.5s | Total: 5,652 | Current TPS: 145 | Avg TPS: 135
2026-01-23 14:41:49 | metrics_collector | INFO | Elapsed: 50.5s | Total: 5,829 | Current TPS: 177 | Avg TPS: 136
2026-01-23 14:41:50 | metrics_collector | INFO | Elapsed: 51.5s | Total: 5,979 | Current TPS: 150 | Avg TPS: 136
2026-01-23 14:41:52 | metrics_collector | INFO | Elapsed: 52.6s | Total: 6,147 | Current TPS: 168 | Avg TPS: 137
2026-01-23 14:41:53 | metrics_collector | INFO | Elapsed: 53.7s | Total: 6,292 | Current TPS: 145 | Avg TPS: 137
2026-01-23 14:41:54 | metrics_collector | INFO | Elapsed: 54.8s | Total: 6,420 | Current TPS: 128 | Avg TPS: 137
2026-01-23 14:41:55 | metrics_collector | INFO | Elapsed: 55.8s | Total: 6,562 | Current TPS: 142 | Avg TPS: 137
2026-01-23 14:41:56 | metrics_collector | INFO | Elapsed: 56.8s | Total: 6,721 | Current TPS: 159 | Avg TPS: 137
2026-01-23 14:41:57 | metrics_collector | INFO | Elapsed: 57.9s | Total: 6,886 | Current TPS: 165 | Avg TPS: 138
2026-01-23 14:41:58 | metrics_collector | INFO | Elapsed: 58.9s | Total: 7,048 | Current TPS: 162 | Avg TPS: 138
2026-01-23 14:41:59 | metrics_collector | INFO | Elapsed: 59.9s | Total: 7,209 | Current TPS: 161 | Avg TPS: 139
2026-01-23 14:42:00 | metrics_collector | INFO | Elapsed: 61.0s | Total: 7,380 | Current TPS: 171 | Avg TPS: 139
2026-01-23 14:42:01 | metrics_collector | INFO | Elapsed: 62.1s | Total: 7,520 | Current TPS: 140 | Avg TPS: 139
2026-01-23 14:42:02 | metrics_collector | INFO | Elapsed: 63.1s | Total: 7,682 | Current TPS: 162 | Avg TPS: 140
2026-01-23 14:42:03 | metrics_collector | INFO | Elapsed: 64.2s | Total: 7,855 | Current TPS: 173 | Avg TPS: 140
2026-01-23 14:42:04 | metrics_collector | INFO | Elapsed: 65.3s | Total: 8,004 | Current TPS: 149 | Avg TPS: 140
2026-01-23 14:42:05 | metrics_collector | INFO | Elapsed: 66.3s | Total: 8,154 | Current TPS: 150 | Avg TPS: 141
2026-01-23 14:42:06 | metrics_collector | INFO | Elapsed: 67.4s | Total: 8,291 | Current TPS: 137 | Avg TPS: 141
2026-01-23 14:42:07 | metrics_collector | INFO | Elapsed: 68.4s | Total: 8,432 | Current TPS: 141 | Avg TPS: 141
2026-01-23 14:42:08 | metrics_collector | INFO | Elapsed: 69.4s | Total: 8,595 | Current TPS: 163 | Avg TPS: 141
2026-01-23 14:42:09 | metrics_collector | INFO | Elapsed: 70.5s | Total: 8,736 | Current TPS: 141 | Avg TPS: 141
2026-01-23 14:42:10 | metrics_collector | INFO | Elapsed: 71.5s | Total: 8,872 | Current TPS: 136 | Avg TPS: 141
2026-01-23 14:42:11 | metrics_collector | INFO | Elapsed: 72.5s | Total: 9,019 | Current TPS: 147 | Avg TPS: 141
2026-01-23 14:42:13 | metrics_collector | INFO | Elapsed: 73.6s | Total: 9,169 | Current TPS: 150 | Avg TPS: 141
2026-01-23 14:42:14 | metrics_collector | INFO | Elapsed: 74.6s | Total: 9,312 | Current TPS: 143 | Avg TPS: 141
2026-01-23 14:42:15 | metrics_collector | INFO | Elapsed: 75.7s | Total: 9,443 | Current TPS: 131 | Avg TPS: 141
2026-01-23 14:42:16 | metrics_collector | INFO | Elapsed: 76.7s | Total: 9,575 | Current TPS: 132 | Avg TPS: 141
2026-01-23 14:42:17 | metrics_collector | INFO | Elapsed: 77.7s | Total: 9,697 | Current TPS: 122 | Avg TPS: 141
2026-01-23 14:42:18 | metrics_collector | INFO | Elapsed: 78.8s | Total: 9,840 | Current TPS: 143 | Avg TPS: 141
2026-01-23 14:42:19 | metrics_collector | INFO | Elapsed: 79.8s | Total: 9,992 | Current TPS: 152 | Avg TPS: 141
2026-01-23 14:42:20 | metrics_collector | INFO | Elapsed: 80.8s | Total: 10,148 | Current TPS: 156 | Avg TPS: 141
2026-01-23 14:42:21 | metrics_collector | INFO | Elapsed: 81.9s | Total: 10,297 | Current TPS: 149 | Avg TPS: 141
2026-01-23 14:42:22 | metrics_collector | INFO | Elapsed: 82.9s | Total: 10,450 | Current TPS: 153 | Avg TPS: 141
2026-01-23 14:42:23 | metrics_collector | INFO | Elapsed: 83.9s | Total: 10,610 | Current TPS: 160 | Avg TPS: 141
2026-01-23 14:42:24 | metrics_collector | INFO | Elapsed: 84.9s | Total: 10,746 | Current TPS: 136 | Avg TPS: 141
2026-01-23 14:42:25 | metrics_collector | INFO | Elapsed: 86.0s | Total: 10,896 | Current TPS: 150 | Avg TPS: 142
2026-01-23 14:42:26 | metrics_collector | INFO | Elapsed: 87.0s | Total: 11,043 | Current TPS: 147 | Avg TPS: 142
2026-01-23 14:42:27 | metrics_collector | INFO | Elapsed: 88.2s | Total: 11,183 | Current TPS: 140 | Avg TPS: 142
2026-01-23 14:42:28 | metrics_collector | INFO | Elapsed: 89.2s | Total: 11,329 | Current TPS: 146 | Avg TPS: 142
2026-01-23 14:42:29 | metrics_collector | INFO | Elapsed: 90.2s | Total: 11,468 | Current TPS: 139 | Avg TPS: 142
2026-01-23 14:42:30 | metrics_collector | INFO | Elapsed: 91.3s | Total: 11,623 | Current TPS: 155 | Avg TPS: 142
2026-01-23 14:42:31 | metrics_collector | INFO | Elapsed: 92.3s | Total: 11,768 | Current TPS: 145 | Avg TPS: 142
2026-01-23 14:42:32 | metrics_collector | INFO | Elapsed: 93.4s | Total: 11,910 | Current TPS: 142 | Avg TPS: 142
2026-01-23 14:42:33 | metrics_collector | INFO | Elapsed: 94.4s | Total: 12,060 | Current TPS: 150 | Avg TPS: 142
2026-01-23 14:42:34 | metrics_collector | INFO | Elapsed: 95.4s | Total: 12,215 | Current TPS: 155 | Avg TPS: 142
2026-01-23 14:42:35 | metrics_collector | INFO | Elapsed: 96.5s | Total: 12,385 | Current TPS: 170 | Avg TPS: 142
2026-01-23 14:42:36 | metrics_collector | INFO | Elapsed: 97.5s | Total: 12,564 | Current TPS: 179 | Avg TPS: 143
2026-01-23 14:42:37 | metrics_collector | INFO | ============================================================
2026-01-23 14:42:37 | metrics_collector | INFO | FINAL SUMMARY
2026-01-23 14:42:37 | metrics_collector | INFO | Total Monitoring Time: 98.43s
2026-01-23 14:42:37 | metrics_collector | INFO | Total Trades: 12,564
2026-01-23 14:42:37 | metrics_collector | INFO | Average TPS: 142.77
2026-01-23 14:42:37 | metrics_collector | INFO | Peak TPS: 179.00
2026-01-23 14:42:37 | metrics_collector | INFO | ============================================================
2026-01-23 14:48:19 | metrics_collector | INFO | Metrics Collector started
2026-01-23 14:48:19 | metrics_collector | INFO | Monitoring database: C:\Users\Harsh\Desktop\post-trade-engine\db\trades.db
2026-01-23 14:48:19 | metrics_collector | INFO | Update interval: 1.0s
2026-01-23 14:48:19 | metrics_collector | INFO | Elapsed: 0.0s | Total: 285 | Current TPS: 285 | Avg TPS: 285
2026-01-23 14:48:20 | metrics_collector | INFO | Elapsed: 1.1s | Total: 439 | Current TPS: 154 | Avg TPS: 220
2026-01-23 14:48:21 | metrics_collector | INFO | Elapsed: 2.1s | Total: 607 | Current TPS: 168 | Avg TPS: 202
2026-01-23 14:48:22 | metrics_collector | INFO | Elapsed: 3.1s | Total: 795 | Current TPS: 188 | Avg TPS: 199
2026-01-23 14:48:23 | metrics_collector | INFO | Elapsed: 4.3s | Total: 937 | Current TPS: 142 | Avg TPS: 187
2026-01-23 14:48:25 | metrics_collector | INFO | Elapsed: 5.3s | Total: 1,091 | Current TPS: 154 | Avg TPS: 182
2026-01-23 14:48:26 | metrics_collector | INFO | Elapsed: 6.5s | Total: 1,202 | Current TPS: 111 | Avg TPS: 172
2026-01-23 14:48:27 | metrics_collector | INFO | Elapsed: 7.6s | Total: 1,328 | Current TPS: 126 | Avg TPS: 166
2026-01-23 14:48:28 | metrics_collector | INFO | Elapsed: 8.6s | Total: 1,462 | Current TPS: 134 | Avg TPS: 162
2026-01-23 14:48:29 | metrics_collector | INFO | Elapsed: 9.7s | Total: 1,579 | Current TPS: 117 | Avg TPS: 158
2026-01-23 14:48:30 | metrics_collector | INFO | Elapsed: 10.7s | Total: 1,711 | Current TPS: 132 | Avg TPS: 156
2026-01-23 14:48:31 | metrics_collector | INFO | Elapsed: 11.8s | Total: 1,862 | Current TPS: 151 | Avg TPS: 155
2026-01-23 14:48:32 | metrics_collector | INFO | Elapsed: 12.8s | Total: 2,009 | Current TPS: 147 | Avg TPS: 155
2026-01-23 14:48:33 | metrics_collector | INFO | Elapsed: 13.8s | Total: 2,145 | Current TPS: 136 | Avg TPS: 153
2026-01-23 14:48:34 | metrics_collector | INFO | Elapsed: 14.8s | Total: 2,275 | Current TPS: 130 | Avg TPS: 152
2026-01-23 14:48:35 | metrics_collector | INFO | Elapsed: 15.9s | Total: 2,408 | Current TPS: 133 | Avg TPS: 150
2026-01-23 14:48:36 | metrics_collector | INFO | Elapsed: 16.9s | Total: 2,541 | Current TPS: 133 | Avg TPS: 149
2026-01-23 14:48:37 | metrics_collector | INFO | Elapsed: 17.9s | Total: 2,696 | Current TPS: 155 | Avg TPS: 150
2026-01-23 14:48:38 | metrics_collector | INFO | Elapsed: 19.1s | Total: 2,864 | Current TPS: 168 | Avg TPS: 151
2026-01-23 14:48:39 | metrics_collector | INFO | Elapsed: 20.3s | Total: 3,023 | Current TPS: 159 | Avg TPS: 151
2026-01-23 14:48:40 | metrics_collector | INFO | Elapsed: 21.3s | Total: 3,186 | Current TPS: 163 | Avg TPS: 152
2026-01-23 14:48:42 | metrics_collector | INFO | Elapsed: 22.3s | Total: 3,352 | Current TPS: 166 | Avg TPS: 152
2026-01-23 14:48:43 | metrics_collector | INFO | Elapsed: 23.4s | Total: 3,517 | Current TPS: 165 | Avg TPS: 153
2026-01-23 14:48:44 | metrics_collector | INFO | Elapsed: 24.4s | Total: 3,700 | Current TPS: 183 | Avg TPS: 154
2026-01-23 14:48:45 | metrics_collector | INFO | Elapsed: 25.5s | Total: 3,877 | Current TPS: 177 | Avg TPS: 155
2026-01-23 14:48:46 | metrics_collector | INFO | Elapsed: 26.5s | Total: 4,046 | Current TPS: 169 | Avg TPS: 156
2026-01-23 14:48:47 | metrics_collector | INFO | Elapsed: 27.5s | Total: 4,240 | Current TPS: 194 | Avg TPS: 157
2026-01-23 14:48:48 | metrics_collector | INFO | Elapsed: 28.6s | Total: 4,422 | Current TPS: 182 | Avg TPS: 158
2026-01-23 14:48:49 | metrics_collector | INFO | Elapsed: 29.7s | Total: 4,605 | Current TPS: 183 | Avg TPS: 159
2026-01-23 14:48:50 | metrics_collector | INFO | Elapsed: 30.7s | Total: 4,794 | Current TPS: 189 | Avg TPS: 160
2026-01-23 14:48:51 | metrics_collector | INFO | Elapsed: 31.8s | Total: 4,986 | Current TPS: 192 | Avg TPS: 161
2026-01-23 14:48:52 | metrics_collector | INFO | Elapsed: 32.8s | Total: 5,175 | Current TPS: 189 | Avg TPS: 162
2026-01-23 14:48:53 | metrics_collector | INFO | Elapsed: 33.9s | Total: 5,380 | Current TPS: 205 | Avg TPS: 163
2026-01-23 14:48:54 | metrics_collector | INFO | Elapsed: 35.1s | Total: 5,565 | Current TPS: 185 | Avg TPS: 164
2026-01-23 14:48:55 | metrics_collector | INFO | Elapsed: 36.1s | Total: 5,749 | Current TPS: 184 | Avg TPS: 164
2026-01-23 14:48:56 | metrics_collector | INFO | Elapsed: 37.2s | Total: 5,933 | Current TPS: 184 | Avg TPS: 165
2026-01-23 14:48:57 | metrics_collector | INFO | Elapsed: 38.3s | Total: 6,110 | Current TPS: 177 | Avg TPS: 165
2026-01-23 14:48:58 | metrics_collector | INFO | Elapsed: 39.3s | Total: 6,288 | Current TPS: 178 | Avg TPS: 165
2026-01-23 14:48:59 | metrics_collector | INFO | Elapsed: 40.3s | Total: 6,461 | Current TPS: 173 | Avg TPS: 166
2026-01-23 14:49:01 | metrics_collector | INFO | Elapsed: 41.4s | Total: 6,639 | Current TPS: 178 | Avg TPS: 166
2026-01-23 14:49:02 | metrics_collector | INFO | Elapsed: 42.4s | Total: 6,786 | Current TPS: 147 | Avg TPS: 166
2026-01-23 14:49:03 | metrics_collector | INFO | Elapsed: 43.4s | Total: 6,922 | Current TPS: 136 | Avg TPS: 165
2026-01-23 14:49:04 | metrics_collector | INFO | Elapsed: 44.4s | Total: 7,069 | Current TPS: 147 | Avg TPS: 164
2026-01-23 14:49:05 | metrics_collector | INFO | Elapsed: 45.5s | Total: 7,229 | Current TPS: 160 | Avg TPS: 164
2026-01-23 14:49:06 | metrics_collector | INFO | Elapsed: 46.5s | Total: 7,391 | Current TPS: 162 | Avg TPS: 164
2026-01-23 14:49:07 | metrics_collector | INFO | Elapsed: 47.5s | Total: 7,559 | Current TPS: 168 | Avg TPS: 164
2026-01-23 14:49:08 | metrics_collector | INFO | Elapsed: 48.5s | Total: 7,732 | Current TPS: 173 | Avg TPS: 165
2026-01-23 14:49:09 | metrics_collector | INFO | Elapsed: 49.5s | Total: 7,924 | Current TPS: 192 | Avg TPS: 165
2026-01-23 14:49:10 | metrics_collector | INFO | Elapsed: 50.6s | Total: 8,105 | Current TPS: 181 | Avg TPS: 165
2026-01-23 14:49:11 | metrics_collector | INFO | Elapsed: 51.7s | Total: 8,298 | Current TPS: 193 | Avg TPS: 166
2026-01-23 14:49:12 | metrics_collector | INFO | Elapsed: 52.8s | Total: 8,482 | Current TPS: 184 | Avg TPS: 166
2026-01-23 14:49:13 | metrics_collector | INFO | Elapsed: 53.8s | Total: 8,654 | Current TPS: 172 | Avg TPS: 166
2026-01-23 14:49:14 | metrics_collector | INFO | Elapsed: 54.8s | Total: 8,819 | Current TPS: 165 | Avg TPS: 166
2026-01-23 14:49:15 | metrics_collector | INFO | Elapsed: 55.9s | Total: 9,005 | Current TPS: 186 | Avg TPS: 167
2026-01-23 14:49:16 | metrics_collector | INFO | Elapsed: 57.0s | Total: 9,163 | Current TPS: 158 | Avg TPS: 167
2026-01-23 14:49:17 | metrics_collector | INFO | Elapsed: 58.0s | Total: 9,348 | Current TPS: 185 | Avg TPS: 167
2026-01-23 14:49:18 | metrics_collector | INFO | Elapsed: 59.1s | Total: 9,532 | Current TPS: 184 | Avg TPS: 167
2026-01-23 14:49:19 | metrics_collector | INFO | Elapsed: 60.1s | Total: 9,717 | Current TPS: 185 | Avg TPS: 168
2026-01-23 14:49:20 | metrics_collector | INFO | Elapsed: 61.2s | Total: 9,898 | Current TPS: 181 | Avg TPS: 168
2026-01-23 14:49:21 | metrics_collector | INFO | Elapsed: 62.2s | Total: 10,048 | Current TPS: 150 | Avg TPS: 167
2026-01-23 14:49:22 | metrics_collector | INFO | Elapsed: 63.3s | Total: 10,214 | Current TPS: 166 | Avg TPS: 167
2026-01-23 14:49:24 | metrics_collector | INFO | Elapsed: 64.3s | Total: 10,410 | Current TPS: 196 | Avg TPS: 168
2026-01-23 14:49:25 | metrics_collector | INFO | Elapsed: 65.4s | Total: 10,605 | Current TPS: 195 | Avg TPS: 168
2026-01-23 14:49:26 | metrics_collector | INFO | Elapsed: 66.5s | Total: 10,785 | Current TPS: 180 | Avg TPS: 169
2026-01-23 14:49:27 | metrics_collector | INFO | Elapsed: 67.5s | Total: 10,953 | Current TPS: 168 | Avg TPS: 169
2026-01-23 14:49:28 | metrics_collector | INFO | Elapsed: 68.6s | Total: 11,143 | Current TPS: 190 | Avg TPS: 169
2026-01-23 14:49:29 | metrics_collector | INFO | Elapsed: 69.7s | Total: 11,310 | Current TPS: 167 | Avg TPS: 169
2026-01-23 14:49:30 | metrics_collector | INFO | Elapsed: 70.8s | Total: 11,505 | Current TPS: 195 | Avg TPS: 169
2026-01-23 14:49:31 | metrics_collector | INFO | Elapsed: 71.9s | Total: 11,691 | Current TPS: 186 | Avg TPS: 169
2026-01-23 14:49:32 | metrics_collector | INFO | Elapsed: 72.9s | Total: 11,884 | Current TPS: 193 | Avg TPS: 170
2026-01-23 14:49:33 | metrics_collector | INFO | Elapsed: 74.0s | Total: 12,056 | Current TPS: 172 | Avg TPS: 170
2026-01-23 14:49:34 | metrics_collector | INFO | Elapsed: 75.0s | Total: 12,242 | Current TPS: 186 | Avg TPS: 170
2026-01-23 14:49:35 | metrics_collector | INFO | Elapsed: 76.1s | Total: 12,444 | Current TPS: 202 | Avg TPS: 170
2026-01-23 14:49:36 | metrics_collector | INFO | Elapsed: 77.2s | Total: 12,631 | Current TPS: 187 | Avg TPS: 171
2026-01-23 14:49:37 | metrics_collector | INFO | Elapsed: 78.3s | Total: 12,807 | Current TPS: 176 | Avg TPS: 171
2026-01-23 14:49:39 | metrics_collector | INFO | Elapsed: 79.4s | Total: 12,982 | Current TPS: 175 | Avg TPS: 171
2026-01-23 14:49:40 | metrics_collector | INFO | Elapsed: 80.4s | Total: 13,148 | Current TPS: 166 | Avg TPS: 171
2026-01-23 14:49:41 | metrics_collector | INFO | Elapsed: 81.4s | Total: 13,331 | Current TPS: 183 | Avg TPS: 171
2026-01-23 14:49:42 | metrics_collector | INFO | Elapsed: 82.5s | Total: 13,508 | Current TPS: 177 | Avg TPS: 171
2026-01-23 14:49:43 | metrics_collector | INFO | Elapsed: 83.6s | Total: 13,665 | Current TPS: 157 | Avg TPS: 171
2026-01-23 14:49:44 | metrics_collector | INFO | Elapsed: 84.6s | Total: 13,829 | Current TPS: 164 | Avg TPS: 171
2026-01-23 14:49:45 | metrics_collector | INFO | Elapsed: 85.7s | Total: 13,937 | Current TPS: 108 | Avg TPS: 170
2026-01-23 14:49:46 | metrics_collector | INFO | Elapsed: 86.8s | Total: 14,049 | Current TPS: 112 | Avg TPS: 169
2026-01-23 14:49:47 | metrics_collector | INFO | Elapsed: 87.8s | Total: 14,217 | Current TPS: 168 | Avg TPS: 169
2026-01-23 14:49:48 | metrics_collector | INFO | Elapsed: 88.9s | Total: 14,402 | Current TPS: 185 | Avg TPS: 169
2026-01-23 14:49:49 | metrics_collector | INFO | Elapsed: 90.0s | Total: 14,571 | Current TPS: 169 | Avg TPS: 169
2026-01-23 14:49:50 | metrics_collector | INFO | Elapsed: 91.1s | Total: 14,775 | Current TPS: 204 | Avg TPS: 170
2026-01-23 14:49:51 | metrics_collector | INFO | Elapsed: 92.2s | Total: 14,965 | Current TPS: 190 | Avg TPS: 170
2026-01-23 14:49:52 | metrics_collector | INFO | Elapsed: 93.3s | Total: 15,158 | Current TPS: 193 | Avg TPS: 170
2026-01-23 14:49:54 | metrics_collector | INFO | Elapsed: 94.4s | Total: 15,349 | Current TPS: 191 | Avg TPS: 171
2026-01-23 14:49:55 | metrics_collector | INFO | Elapsed: 95.5s | Total: 15,527 | Current TPS: 178 | Avg TPS: 171
2026-01-23 14:49:56 | metrics_collector | INFO | Elapsed: 96.6s | Total: 15,686 | Current TPS: 159 | Avg TPS: 170
2026-01-23 14:49:57 | metrics_collector | INFO | Elapsed: 97.6s | Total: 15,859 | Current TPS: 173 | Avg TPS: 171
2026-01-23 14:49:58 | metrics_collector | INFO | Elapsed: 98.6s | Total: 16,043 | Current TPS: 184 | Avg TPS: 171
2026-01-23 14:49:59 | metrics_collector | INFO | Elapsed: 99.7s | Total: 16,223 | Current TPS: 180 | Avg TPS: 171
2026-01-23 14:50:00 | metrics_collector | INFO | Elapsed: 100.8s | Total: 16,393 | Current TPS: 170 | Avg TPS: 171
2026-01-23 14:50:01 | metrics_collector | INFO | Elapsed: 101.8s | Total: 16,556 | Current TPS: 163 | Avg TPS: 171
2026-01-23 14:50:02 | metrics_collector | INFO | Elapsed: 102.8s | Total: 16,732 | Current TPS: 176 | Avg TPS: 171
2026-01-23 14:50:03 | metrics_collector | INFO | Elapsed: 103.9s | Total: 16,909 | Current TPS: 177 | Avg TPS: 171
2026-01-23 14:50:04 | metrics_collector | INFO | Elapsed: 104.9s | Total: 17,078 | Current TPS: 169 | Avg TPS: 171
2026-01-23 14:50:05 | metrics_collector | INFO | Elapsed: 106.0s | Total: 17,241 | Current TPS: 163 | Avg TPS: 171
2026-01-23 14:50:06 | metrics_collector | INFO | Elapsed: 107.0s | Total: 17,436 | Current TPS: 195 | Avg TPS: 171
2026-01-23 14:50:07 | metrics_collector | INFO | Elapsed: 108.1s | Total: 17,589 | Current TPS: 153 | Avg TPS: 171
2026-01-23 14:50:08 | metrics_collector | INFO | Elapsed: 109.1s | Total: 17,761 | Current TPS: 172 | Avg TPS: 171
2026-01-23 14:50:09 | metrics_collector | INFO | Elapsed: 110.2s | Total: 17,937 | Current TPS: 176 | Avg TPS: 171
2026-01-23 14:50:10 | metrics_collector | INFO | Elapsed: 111.3s | Total: 18,097 | Current TPS: 160 | Avg TPS: 171
2026-01-23 14:50:11 | metrics_collector | INFO | Elapsed: 112.3s | Total: 18,266 | Current TPS: 169 | Avg TPS: 171
2026-01-23 14:50:13 | metrics_collector | INFO | Elapsed: 113.4s | Total: 18,445 | Current TPS: 179 | Avg TPS: 171
2026-01-23 14:50:14 | metrics_collector | INFO | Elapsed: 114.4s | Total: 18,625 | Current TPS: 180 | Avg TPS: 171
2026-01-23 14:50:15 | metrics_collector | INFO | Elapsed: 115.5s | Total: 18,773 | Current TPS: 148 | Avg TPS: 171
2026-01-23 14:50:16 | metrics_collector | INFO | Elapsed: 116.5s | Total: 18,926 | Current TPS: 153 | Avg TPS: 171
2026-01-23 14:50:17 | metrics_collector | INFO | Elapsed: 117.5s | Total: 19,114 | Current TPS: 188 | Avg TPS: 171
2026-01-23 14:50:18 | metrics_collector | INFO | Elapsed: 118.7s | Total: 19,290 | Current TPS: 176 | Avg TPS: 171
2026-01-23 14:50:19 | metrics_collector | INFO | Elapsed: 119.7s | Total: 19,484 | Current TPS: 194 | Avg TPS: 171
2026-01-23 14:50:20 | metrics_collector | INFO | Elapsed: 120.8s | Total: 19,666 | Current TPS: 182 | Avg TPS: 171
2026-01-23 14:50:21 | metrics_collector | INFO | Elapsed: 121.8s | Total: 19,827 | Current TPS: 161 | Avg TPS: 171
2026-01-23 14:50:22 | metrics_collector | INFO | Elapsed: 122.8s | Total: 20,016 | Current TPS: 189 | Avg TPS: 171
2026-01-23 14:50:23 | metrics_collector | INFO | Elapsed: 123.9s | Total: 20,188 | Current TPS: 172 | Avg TPS: 171
2026-01-23 14:50:24 | metrics_collector | INFO | Elapsed: 124.9s | Total: 20,365 | Current TPS: 177 | Avg TPS: 171
2026-01-23 14:50:25 | metrics_collector | INFO | Elapsed: 125.9s | Total: 20,538 | Current TPS: 173 | Avg TPS: 171
2026-01-23 14:50:26 | metrics_collector | INFO | Elapsed: 127.0s | Total: 20,733 | Current TPS: 195 | Avg TPS: 171
2026-01-23 14:50:27 | metrics_collector | INFO | Elapsed: 128.1s | Total: 20,908 | Current TPS: 175 | Avg TPS: 171
2026-01-23 14:50:28 | metrics_collector | INFO | Elapsed: 129.1s | Total: 21,090 | Current TPS: 182 | Avg TPS: 171
2026-01-23 14:50:29 | metrics_collector | INFO | Elapsed: 130.2s | Total: 21,271 | Current TPS: 181 | Avg TPS: 172
2026-01-23 14:50:30 | metrics_collector | INFO | Elapsed: 131.2s | Total: 21,440 | Current TPS: 169 | Avg TPS: 172
2026-01-23 14:50:32 | metrics_collector | INFO | Elapsed: 132.4s | Total: 21,603 | Current TPS: 163 | Avg TPS: 171
2026-01-23 14:50:33 | metrics_collector | INFO | Elapsed: 133.4s | Total: 21,775 | Current TPS: 172 | Avg TPS: 171
2026-01-23 14:50:34 | metrics_collector | INFO | Elapsed: 134.4s | Total: 21,952 | Current TPS: 177 | Avg TPS: 172
2026-01-23 14:50:35 | metrics_collector | INFO | Elapsed: 135.5s | Total: 22,128 | Current TPS: 176 | Avg TPS: 172
2026-01-23 14:50:36 | metrics_collector | INFO | Elapsed: 136.6s | Total: 22,299 | Current TPS: 171 | Avg TPS: 172
2026-01-23 14:50:37 | metrics_collector | INFO | Elapsed: 137.7s | Total: 22,486 | Current TPS: 187 | Avg TPS: 172
2026-01-23 14:50:38 | metrics_collector | INFO | Elapsed: 138.7s | Total: 22,666 | Current TPS: 180 | Avg TPS: 172
2026-01-23 14:50:39 | metrics_collector | INFO | Elapsed: 139.8s | Total: 22,853 | Current TPS: 187 | Avg TPS: 172
2026-01-23 14:50:40 | metrics_collector | INFO | Elapsed: 140.8s | Total: 23,065 | Current TPS: 212 | Avg TPS: 172
2026-01-23 14:50:41 | metrics_collector | INFO | Elapsed: 142.0s | Total: 23,255 | Current TPS: 190 | Avg TPS: 172
2026-01-23 14:50:42 | metrics_collector | INFO | Elapsed: 143.1s | Total: 23,446 | Current TPS: 191 | Avg TPS: 172
2026-01-23 14:50:43 | metrics_collector | INFO | Elapsed: 144.2s | Total: 23,624 | Current TPS: 178 | Avg TPS: 172
2026-01-23 14:50:44 | metrics_collector | INFO | Elapsed: 145.2s | Total: 23,813 | Current TPS: 189 | Avg TPS: 173
2026-01-23 14:50:45 | metrics_collector | INFO | Elapsed: 146.3s | Total: 23,990 | Current TPS: 177 | Avg TPS: 173
2026-01-23 14:50:46 | metrics_collector | INFO | Elapsed: 147.3s | Total: 24,167 | Current TPS: 177 | Avg TPS: 173
2026-01-23 14:50:48 | metrics_collector | INFO | Elapsed: 148.3s | Total: 24,286 | Current TPS: 119 | Avg TPS: 172
2026-01-23 14:50:49 | metrics_collector | INFO | Elapsed: 149.4s | Total: 24,419 | Current TPS: 133 | Avg TPS: 172
2026-01-23 14:50:50 | metrics_collector | INFO | Elapsed: 150.6s | Total: 24,560 | Current TPS: 141 | Avg TPS: 172
2026-01-23 14:50:51 | metrics_collector | INFO | Elapsed: 151.7s | Total: 24,609 | Current TPS: 49 | Avg TPS: 171
2026-01-23 14:50:52 | metrics_collector | INFO | Elapsed: 152.8s | Total: 24,660 | Current TPS: 51 | Avg TPS: 170
2026-01-23 14:50:53 | metrics_collector | INFO | Elapsed: 153.8s | Total: 24,717 | Current TPS: 57 | Avg TPS: 169
2026-01-23 14:50:54 | metrics_collector | INFO | Elapsed: 154.9s | Total: 24,805 | Current TPS: 88 | Avg TPS: 169
2026-01-23 14:50:55 | metrics_collector | INFO | Elapsed: 155.9s | Total: 24,898 | Current TPS: 93 | Avg TPS: 168
2026-01-23 14:50:56 | metrics_collector | INFO | Elapsed: 157.1s | Total: 24,954 | Current TPS: 56 | Avg TPS: 167
2026-01-23 14:50:57 | metrics_collector | INFO | Elapsed: 158.1s | Total: 25,011 | Current TPS: 57 | Avg TPS: 167
2026-01-23 14:50:58 | metrics_collector | INFO | Elapsed: 159.3s | Total: 25,192 | Current TPS: 181 | Avg TPS: 167
2026-01-23 14:50:59 | metrics_collector | INFO | Elapsed: 160.3s | Total: 25,340 | Current TPS: 148 | Avg TPS: 167
2026-01-23 14:51:01 | metrics_collector | INFO | Elapsed: 161.4s | Total: 25,509 | Current TPS: 169 | Avg TPS: 167
2026-01-23 14:51:02 | metrics_collector | INFO | Elapsed: 162.4s | Total: 25,697 | Current TPS: 188 | Avg TPS: 167
2026-01-23 14:51:03 | metrics_collector | INFO | Elapsed: 163.5s | Total: 25,868 | Current TPS: 171 | Avg TPS: 167
2026-01-23 14:51:04 | metrics_collector | INFO | Elapsed: 164.5s | Total: 26,058 | Current TPS: 190 | Avg TPS: 167
2026-01-23 14:51:05 | metrics_collector | INFO | Elapsed: 165.5s | Total: 26,235 | Current TPS: 177 | Avg TPS: 167
2026-01-23 14:51:06 | metrics_collector | INFO | Elapsed: 166.6s | Total: 26,417 | Current TPS: 182 | Avg TPS: 167
2026-01-23 14:51:07 | metrics_collector | INFO | Elapsed: 167.6s | Total: 26,604 | Current TPS: 187 | Avg TPS: 167
2026-01-23 14:51:08 | metrics_collector | INFO | Elapsed: 168.7s | Total: 26,778 | Current TPS: 174 | Avg TPS: 167
2026-01-23 14:51:09 | metrics_collector | INFO | Elapsed: 169.7s | Total: 26,936 | Current TPS: 158 | Avg TPS: 167
2026-01-23 14:51:10 | metrics_collector | INFO | Elapsed: 170.8s | Total: 27,112 | Current TPS: 176 | Avg TPS: 167
2026-01-23 14:51:11 | metrics_collector | INFO | Elapsed: 171.9s | Total: 27,291 | Current TPS: 179 | Avg TPS: 167
2026-01-23 14:51:12 | metrics_collector | INFO | Elapsed: 172.9s | Total: 27,462 | Current TPS: 171 | Avg TPS: 167
2026-01-23 14:51:13 | metrics_collector | INFO | Elapsed: 173.9s | Total: 27,629 | Current TPS: 167 | Avg TPS: 167
2026-01-23 14:51:14 | metrics_collector | INFO | Elapsed: 175.0s | Total: 27,811 | Current TPS: 182 | Avg TPS: 168
2026-01-23 14:51:15 | metrics_collector | INFO | Elapsed: 176.0s | Total: 27,978 | Current TPS: 167 | Avg TPS: 168
2026-01-23 14:51:16 | metrics_collector | INFO | Elapsed: 177.1s | Total: 28,155 | Current TPS: 177 | Avg TPS: 168
2026-01-23 14:51:17 | metrics_collector | INFO | Elapsed: 178.2s | Total: 28,316 | Current TPS: 161 | Avg TPS: 168
2026-01-23 14:51:18 | metrics_collector | INFO | Elapsed: 179.2s | Total: 28,478 | Current TPS: 162 | Avg TPS: 168
2026-01-23 14:51:19 | metrics_collector | INFO | Elapsed: 180.2s | Total: 28,662 | Current TPS: 184 | Avg TPS: 168
2026-01-23 14:51:20 | metrics_collector | INFO | Elapsed: 181.3s | Total: 28,835 | Current TPS: 173 | Avg TPS: 168
2026-01-23 14:51:21 | metrics_collector | INFO | Elapsed: 182.3s | Total: 29,019 | Current TPS: 184 | Avg TPS: 168
2026-01-23 14:51:22 | metrics_collector | INFO | Elapsed: 183.4s | Total: 29,201 | Current TPS: 182 | Avg TPS: 168
2026-01-23 14:51:24 | metrics_collector | INFO | Elapsed: 184.4s | Total: 29,380 | Current TPS: 179 | Avg TPS: 168
2026-01-23 14:51:25 | metrics_collector | INFO | Elapsed: 185.4s | Total: 29,562 | Current TPS: 182 | Avg TPS: 168
2026-01-23 14:51:26 | metrics_collector | INFO | Elapsed: 186.4s | Total: 29,711 | Current TPS: 149 | Avg TPS: 168
2026-01-23 14:51:27 | metrics_collector | INFO | Elapsed: 187.5s | Total: 29,877 | Current TPS: 166 | Avg TPS: 168
2026-01-23 14:51:28 | metrics_collector | INFO | Elapsed: 188.5s | Total: 30,049 | Current TPS: 172 | Avg TPS: 168
2026-01-23 14:51:29 | metrics_collector | INFO | Elapsed: 189.6s | Total: 30,210 | Current TPS: 161 | Avg TPS: 168
2026-01-23 14:51:30 | metrics_collector | INFO | Elapsed: 190.6s | Total: 30,399 | Current TPS: 189 | Avg TPS: 168
2026-01-23 14:51:31 | metrics_collector | INFO | Elapsed: 191.7s | Total: 30,587 | Current TPS: 188 | Avg TPS: 168
2026-01-23 14:51:32 | metrics_collector | INFO | Elapsed: 192.8s | Total: 30,756 | Current TPS: 169 | Avg TPS: 168
2026-01-23 14:51:33 | metrics_collector | INFO | Elapsed: 193.9s | Total: 30,934 | Current TPS: 178 | Avg TPS: 168
2026-01-23 14:51:34 | metrics_collector | INFO | Elapsed: 194.9s | Total: 31,104 | Current TPS: 170 | Avg TPS: 168
2026-01-23 14:51:35 | metrics_collector | INFO | Elapsed: 195.9s | Total: 31,297 | Current TPS: 193 | Avg TPS: 168
2026-01-23 14:51:36 | metrics_collector | INFO | Elapsed: 197.0s | Total: 31,472 | Current TPS: 175 | Avg TPS: 168
2026-01-23 14:51:37 | metrics_collector | INFO | Elapsed: 198.1s | Total: 31,637 | Current TPS: 165 | Avg TPS: 168
2026-01-23 14:51:38 | metrics_collector | INFO | Elapsed: 199.1s | Total: 31,812 | Current TPS: 175 | Avg TPS: 168
2026-01-23 14:51:39 | metrics_collector | INFO | Elapsed: 200.2s | Total: 31,996 | Current TPS: 184 | Avg TPS: 168
2026-01-23 14:51:40 | metrics_collector | INFO | Elapsed: 201.3s | Total: 32,157 | Current TPS: 161 | Avg TPS: 168
2026-01-23 14:51:41 | metrics_collector | INFO | Elapsed: 202.3s | Total: 32,301 | Current TPS: 144 | Avg TPS: 168
2026-01-23 14:51:42 | metrics_collector | INFO | Elapsed: 203.3s | Total: 32,472 | Current TPS: 171 | Avg TPS: 168
2026-01-23 14:51:43 | metrics_collector | INFO | Elapsed: 204.3s | Total: 32,596 | Current TPS: 124 | Avg TPS: 168
2026-01-23 14:51:45 | metrics_collector | INFO | Elapsed: 205.4s | Total: 32,729 | Current TPS: 133 | Avg TPS: 168
2026-01-23 14:51:46 | metrics_collector | INFO | Elapsed: 206.4s | Total: 32,868 | Current TPS: 139 | Avg TPS: 168
2026-01-23 14:51:47 | metrics_collector | INFO | Elapsed: 207.5s | Total: 33,022 | Current TPS: 154 | Avg TPS: 168
2026-01-23 14:51:48 | metrics_collector | INFO | Elapsed: 208.6s | Total: 33,186 | Current TPS: 164 | Avg TPS: 168
2026-01-23 14:51:49 | metrics_collector | INFO | Elapsed: 209.6s | Total: 33,343 | Current TPS: 157 | Avg TPS: 168
2026-01-23 14:51:50 | metrics_collector | INFO | Elapsed: 210.6s | Total: 33,501 | Current TPS: 158 | Avg TPS: 168
2026-01-23 14:51:51 | metrics_collector | INFO | Elapsed: 211.6s | Total: 33,659 | Current TPS: 158 | Avg TPS: 167
2026-01-23 14:51:52 | metrics_collector | INFO | Elapsed: 212.7s | Total: 33,854 | Current TPS: 195 | Avg TPS: 168
2026-01-23 14:51:53 | metrics_collector | INFO | Elapsed: 213.8s | Total: 34,039 | Current TPS: 185 | Avg TPS: 168
2026-01-23 14:51:54 | metrics_collector | INFO | Elapsed: 214.8s | Total: 34,216 | Current TPS: 177 | Avg TPS: 168
2026-01-23 14:51:55 | metrics_collector | INFO | Elapsed: 215.8s | Total: 34,394 | Current TPS: 178 | Avg TPS: 168
2026-01-23 14:51:56 | metrics_collector | INFO | Elapsed: 216.8s | Total: 34,551 | Current TPS: 157 | Avg TPS: 168
2026-01-23 14:51:57 | metrics_collector | INFO | Elapsed: 217.8s | Total: 34,714 | Current TPS: 163 | Avg TPS: 168
2026-01-23 14:51:58 | metrics_collector | INFO | Elapsed: 218.9s | Total: 34,862 | Current TPS: 148 | Avg TPS: 168
2026-01-23 14:51:59 | metrics_collector | INFO | Elapsed: 220.0s | Total: 35,024 | Current TPS: 162 | Avg TPS: 168
2026-01-23 14:52:00 | metrics_collector | INFO | Elapsed: 221.0s | Total: 35,185 | Current TPS: 161 | Avg TPS: 168
2026-01-23 14:52:01 | metrics_collector | INFO | Elapsed: 222.0s | Total: 35,361 | Current TPS: 176 | Avg TPS: 168
2026-01-23 14:52:02 | metrics_collector | INFO | Elapsed: 223.2s | Total: 35,540 | Current TPS: 179 | Avg TPS: 168
2026-01-23 14:52:04 | metrics_collector | INFO | Elapsed: 224.4s | Total: 35,716 | Current TPS: 176 | Avg TPS: 168
2026-01-23 14:52:05 | metrics_collector | INFO | Elapsed: 225.5s | Total: 35,862 | Current TPS: 146 | Avg TPS: 168
2026-01-23 14:52:06 | metrics_collector | INFO | Elapsed: 226.5s | Total: 36,033 | Current TPS: 171 | Avg TPS: 168
2026-01-23 14:52:07 | metrics_collector | INFO | Elapsed: 227.5s | Total: 36,208 | Current TPS: 175 | Avg TPS: 168
2026-01-23 14:52:08 | metrics_collector | INFO | Elapsed: 228.6s | Total: 36,375 | Current TPS: 167 | Avg TPS: 168
2026-01-23 14:52:09 | metrics_collector | INFO | Elapsed: 229.6s | Total: 36,551 | Current TPS: 176 | Avg TPS: 168
2026-01-23 14:52:10 | metrics_collector | INFO | Elapsed: 230.6s | Total: 36,734 | Current TPS: 183 | Avg TPS: 168
2026-01-23 14:52:11 | metrics_collector | INFO | Elapsed: 231.7s | Total: 36,903 | Current TPS: 169 | Avg TPS: 168
2026-01-23 14:52:12 | metrics_collector | INFO | Elapsed: 232.7s | Total: 37,086 | Current TPS: 183 | Avg TPS: 168
2026-01-23 14:52:13 | metrics_collector | INFO | Elapsed: 233.8s | Total: 37,266 | Current TPS: 180 | Avg TPS: 168
2026-01-23 14:52:14 | metrics_collector | INFO | Elapsed: 234.8s | Total: 37,455 | Current TPS: 189 | Avg TPS: 168
2026-01-23 14:52:15 | metrics_collector | INFO | Elapsed: 235.9s | Total: 37,634 | Current TPS: 179 | Avg TPS: 168
2026-01-23 14:52:16 | metrics_collector | INFO | Elapsed: 236.9s | Total: 37,777 | Current TPS: 143 | Avg TPS: 168
2026-01-23 14:52:17 | metrics_collector | INFO | Elapsed: 237.9s | Total: 37,958 | Current TPS: 181 | Avg TPS: 168
2026-01-23 14:52:18 | metrics_collector | INFO | Elapsed: 239.0s | Total: 38,115 | Current TPS: 157 | Avg TPS: 168
2026-01-23 14:52:19 | metrics_collector | INFO | Elapsed: 240.0s | Total: 38,282 | Current TPS: 167 | Avg TPS: 168
2026-01-23 14:52:20 | metrics_collector | INFO | Elapsed: 241.0s | Total: 38,454 | Current TPS: 172 | Avg TPS: 168
2026-01-23 14:52:21 | metrics_collector | INFO | Elapsed: 242.1s | Total: 38,638 | Current TPS: 184 | Avg TPS: 168
2026-01-23 14:52:22 | metrics_collector | INFO | Elapsed: 243.1s | Total: 38,818 | Current TPS: 180 | Avg TPS: 168
2026-01-23 14:52:23 | metrics_collector | INFO | Elapsed: 244.2s | Total: 38,967 | Current TPS: 149 | Avg TPS: 168
2026-01-23 14:52:24 | metrics_collector | INFO | Elapsed: 245.3s | Total: 39,121 | Current TPS: 154 | Avg TPS: 168
2026-01-23 14:52:25 | metrics_collector | INFO | Elapsed: 246.3s | Total: 39,299 | Current TPS: 178 | Avg TPS: 168
2026-01-23 14:52:27 | metrics_collector | INFO | Elapsed: 247.3s | Total: 39,479 | Current TPS: 180 | Avg TPS: 168
2026-01-23 14:52:28 | metrics_collector | INFO | Elapsed: 248.4s | Total: 39,687 | Current TPS: 208 | Avg TPS: 168
2026-01-23 14:52:29 | metrics_collector | INFO | Elapsed: 249.6s | Total: 39,880 | Current TPS: 193 | Avg TPS: 168
2026-01-23 14:52:30 | metrics_collector | INFO | Elapsed: 250.7s | Total: 40,055 | Current TPS: 175 | Avg TPS: 168
2026-01-23 14:52:31 | metrics_collector | INFO | Elapsed: 251.7s | Total: 40,245 | Current TPS: 190 | Avg TPS: 168
2026-01-23 14:52:32 | metrics_collector | INFO | Elapsed: 252.8s | Total: 40,432 | Current TPS: 187 | Avg TPS: 168
2026-01-23 14:52:33 | metrics_collector | INFO | Elapsed: 253.9s | Total: 40,608 | Current TPS: 176 | Avg TPS: 168
2026-01-23 14:52:34 | metrics_collector | INFO | Elapsed: 254.9s | Total: 40,777 | Current TPS: 169 | Avg TPS: 168
2026-01-23 14:52:35 | metrics_collector | INFO | Elapsed: 255.9s | Total: 40,947 | Current TPS: 170 | Avg TPS: 169
2026-01-23 14:52:36 | metrics_collector | INFO | Elapsed: 257.0s | Total: 41,088 | Current TPS: 141 | Avg TPS: 168
2026-01-23 14:52:37 | metrics_collector | INFO | Elapsed: 258.0s | Total: 41,238 | Current TPS: 150 | Avg TPS: 168
2026-01-23 14:52:38 | metrics_collector | INFO | Elapsed: 259.0s | Total: 41,376 | Current TPS: 138 | Avg TPS: 168
2026-01-23 14:52:39 | metrics_collector | INFO | Elapsed: 260.2s | Total: 41,519 | Current TPS: 143 | Avg TPS: 168
2026-01-23 14:52:41 | metrics_collector | INFO | Elapsed: 261.3s | Total: 41,690 | Current TPS: 171 | Avg TPS: 168
2026-01-23 14:52:42 | metrics_collector | INFO | Elapsed: 262.4s | Total: 41,845 | Current TPS: 155 | Avg TPS: 168
2026-01-23 14:52:43 | metrics_collector | INFO | Elapsed: 263.5s | Total: 42,010 | Current TPS: 165 | Avg TPS: 168
2026-01-23 14:52:44 | metrics_collector | INFO | Elapsed: 264.6s | Total: 42,169 | Current TPS: 159 | Avg TPS: 168
2026-01-23 14:52:45 | metrics_collector | INFO | Elapsed: 265.6s | Total: 42,327 | Current TPS: 158 | Avg TPS: 168
2026-01-23 14:52:46 | metrics_collector | INFO | Elapsed: 266.7s | Total: 42,489 | Current TPS: 162 | Avg TPS: 168
2026-01-23 14:52:47 | metrics_collector | INFO | Elapsed: 267.7s | Total: 42,657 | Current TPS: 168 | Avg TPS: 168
2026-01-23 14:52:48 | metrics_collector | INFO | Elapsed: 268.8s | Total: 42,786 | Current TPS: 129 | Avg TPS: 168
2026-01-23 14:52:49 | metrics_collector | INFO | Elapsed: 269.8s | Total: 42,955 | Current TPS: 169 | Avg TPS: 168
2026-01-23 14:52:50 | metrics_collector | INFO | Elapsed: 270.8s | Total: 43,112 | Current TPS: 157 | Avg TPS: 168
2026-01-23 14:52:51 | metrics_collector | INFO | Elapsed: 271.9s | Total: 43,281 | Current TPS: 169 | Avg TPS: 168
2026-01-23 14:52:52 | metrics_collector | INFO | Elapsed: 272.9s | Total: 43,436 | Current TPS: 155 | Avg TPS: 168
2026-01-23 14:52:53 | metrics_collector | INFO | Elapsed: 273.9s | Total: 43,598 | Current TPS: 162 | Avg TPS: 168
2026-01-23 14:52:54 | metrics_collector | INFO | Elapsed: 275.0s | Total: 43,746 | Current TPS: 148 | Avg TPS: 168
2026-01-23 14:52:55 | metrics_collector | INFO | Elapsed: 276.0s | Total: 43,903 | Current TPS: 157 | Avg TPS: 168
2026-01-23 14:52:56 | metrics_collector | INFO | Elapsed: 277.0s | Total: 44,080 | Current TPS: 177 | Avg TPS: 168
2026-01-23 14:52:57 | metrics_collector | INFO | Elapsed: 278.1s | Total: 44,256 | Current TPS: 176 | Avg TPS: 168
2026-01-23 14:52:58 | metrics_collector | INFO | Elapsed: 279.2s | Total: 44,416 | Current TPS: 160 | Avg TPS: 168
2026-01-23 14:52:59 | metrics_collector | INFO | Elapsed: 280.2s | Total: 44,566 | Current TPS: 150 | Avg TPS: 168
2026-01-23 14:53:00 | metrics_collector | INFO | Elapsed: 281.2s | Total: 44,741 | Current TPS: 175 | Avg TPS: 168
2026-01-23 14:53:01 | metrics_collector | INFO | Elapsed: 282.3s | Total: 44,896 | Current TPS: 155 | Avg TPS: 168
2026-01-23 14:53:03 | metrics_collector | INFO | Elapsed: 283.4s | Total: 45,056 | Current TPS: 160 | Avg TPS: 167
2026-01-23 14:53:04 | metrics_collector | INFO | Elapsed: 284.4s | Total: 45,232 | Current TPS: 176 | Avg TPS: 168
2026-01-23 14:53:05 | metrics_collector | INFO | Elapsed: 285.5s | Total: 45,381 | Current TPS: 149 | Avg TPS: 167
2026-01-23 14:53:06 | metrics_collector | INFO | Elapsed: 286.5s | Total: 45,512 | Current TPS: 131 | Avg TPS: 167
2026-01-23 14:53:07 | metrics_collector | INFO | Elapsed: 287.5s | Total: 45,690 | Current TPS: 178 | Avg TPS: 167
2026-01-23 14:53:08 | metrics_collector | INFO | Elapsed: 288.6s | Total: 45,848 | Current TPS: 158 | Avg TPS: 167
2026-01-23 14:53:09 | metrics_collector | INFO | Elapsed: 289.6s | Total: 46,026 | Current TPS: 178 | Avg TPS: 167
2026-01-23 14:53:10 | metrics_collector | INFO | Elapsed: 290.7s | Total: 46,222 | Current TPS: 196 | Avg TPS: 167
2026-01-23 14:53:11 | metrics_collector | INFO | Elapsed: 292.0s | Total: 46,412 | Current TPS: 190 | Avg TPS: 168
2026-01-23 14:53:12 | metrics_collector | INFO | Elapsed: 293.1s | Total: 46,573 | Current TPS: 161 | Avg TPS: 168
2026-01-23 14:53:13 | metrics_collector | INFO | Elapsed: 294.1s | Total: 46,714 | Current TPS: 141 | Avg TPS: 167
2026-01-23 14:53:14 | metrics_collector | INFO | Elapsed: 295.1s | Total: 46,888 | Current TPS: 174 | Avg TPS: 167
2026-01-23 14:53:15 | metrics_collector | INFO | Elapsed: 296.2s | Total: 47,006 | Current TPS: 118 | Avg TPS: 167
2026-01-23 14:53:16 | metrics_collector | INFO | Elapsed: 297.3s | Total: 47,108 | Current TPS: 102 | Avg TPS: 167
2026-01-23 14:53:18 | metrics_collector | INFO | Elapsed: 298.3s | Total: 47,191 | Current TPS: 83 | Avg TPS: 167
2026-01-23 14:53:19 | metrics_collector | INFO | Elapsed: 299.5s | Total: 47,327 | Current TPS: 136 | Avg TPS: 167
2026-01-23 14:53:20 | metrics_collector | INFO | Elapsed: 300.6s | Total: 47,501 | Current TPS: 174 | Avg TPS: 167
2026-01-23 14:53:21 | metrics_collector | INFO | Elapsed: 301.7s | Total: 47,655 | Current TPS: 154 | Avg TPS: 167
2026-01-23 14:53:22 | metrics_collector | INFO | Elapsed: 302.8s | Total: 47,794 | Current TPS: 139 | Avg TPS: 167
2026-01-23 14:53:23 | metrics_collector | INFO | Elapsed: 303.8s | Total: 47,898 | Current TPS: 104 | Avg TPS: 166
2026-01-23 14:53:24 | metrics_collector | INFO | Elapsed: 304.8s | Total: 48,000 | Current TPS: 102 | Avg TPS: 166
2026-01-23 14:53:25 | metrics_collector | INFO | Elapsed: 305.9s | Total: 48,143 | Current TPS: 143 | Avg TPS: 166
2026-01-23 14:53:26 | metrics_collector | INFO | Elapsed: 306.9s | Total: 48,283 | Current TPS: 140 | Avg TPS: 166
2026-01-23 14:53:27 | metrics_collector | INFO | Elapsed: 307.9s | Total: 48,432 | Current TPS: 149 | Avg TPS: 166
2026-01-23 14:53:28 | metrics_collector | INFO | Elapsed: 309.0s | Total: 48,570 | Current TPS: 138 | Avg TPS: 166
2026-01-23 14:53:29 | metrics_collector | INFO | Elapsed: 310.0s | Total: 48,708 | Current TPS: 138 | Avg TPS: 166
2026-01-23 14:53:30 | metrics_collector | INFO | Elapsed: 311.1s | Total: 48,858 | Current TPS: 150 | Avg TPS: 166
2026-01-23 14:53:31 | metrics_collector | INFO | Elapsed: 312.1s | Total: 49,013 | Current TPS: 155 | Avg TPS: 166
2026-01-23 14:53:32 | metrics_collector | INFO | Elapsed: 313.1s | Total: 49,164 | Current TPS: 151 | Avg TPS: 166
2026-01-23 14:53:33 | metrics_collector | INFO | Elapsed: 314.2s | Total: 49,335 | Current TPS: 171 | Avg TPS: 166
2026-01-23 14:53:34 | metrics_collector | INFO | Elapsed: 315.2s | Total: 49,487 | Current TPS: 152 | Avg TPS: 166
2026-01-23 14:53:35 | metrics_collector | INFO | Elapsed: 316.3s | Total: 49,675 | Current TPS: 188 | Avg TPS: 166
2026-01-23 14:53:37 | metrics_collector | INFO | Elapsed: 317.3s | Total: 49,868 | Current TPS: 193 | Avg TPS: 166
2026-01-23 14:53:38 | metrics_collector | INFO | Elapsed: 318.4s | Total: 50,045 | Current TPS: 177 | Avg TPS: 166
2026-01-23 14:53:39 | metrics_collector | INFO | Elapsed: 319.4s | Total: 50,223 | Current TPS: 178 | Avg TPS: 166
2026-01-23 14:53:40 | metrics_collector | INFO | Elapsed: 320.4s | Total: 50,381 | Current TPS: 158 | Avg TPS: 166
2026-01-23 14:53:41 | metrics_collector | INFO | Elapsed: 321.5s | Total: 50,560 | Current TPS: 179 | Avg TPS: 166
2026-01-23 14:53:42 | metrics_collector | INFO | Elapsed: 322.6s | Total: 50,713 | Current TPS: 153 | Avg TPS: 166
2026-01-23 14:53:43 | metrics_collector | INFO | Elapsed: 323.6s | Total: 50,892 | Current TPS: 179 | Avg TPS: 166
2026-01-23 14:53:44 | metrics_collector | INFO | Elapsed: 324.7s | Total: 51,013 | Current TPS: 121 | Avg TPS: 166
2026-01-23 14:53:45 | metrics_collector | INFO | Elapsed: 325.7s | Total: 51,199 | Current TPS: 186 | Avg TPS: 166
2026-01-23 14:53:46 | metrics_collector | INFO | Elapsed: 327.0s | Total: 51,355 | Current TPS: 156 | Avg TPS: 166
2026-01-23 14:53:47 | metrics_collector | INFO | Elapsed: 328.0s | Total: 51,517 | Current TPS: 162 | Avg TPS: 166
2026-01-23 14:53:48 | metrics_collector | INFO | Elapsed: 329.0s | Total: 51,686 | Current TPS: 169 | Avg TPS: 166
2026-01-23 14:53:49 | metrics_collector | INFO | Elapsed: 330.0s | Total: 51,850 | Current TPS: 164 | Avg TPS: 166
2026-01-23 14:53:50 | metrics_collector | INFO | Elapsed: 331.1s | Total: 52,015 | Current TPS: 165 | Avg TPS: 166
2026-01-23 14:53:51 | metrics_collector | INFO | Elapsed: 332.1s | Total: 52,188 | Current TPS: 173 | Avg TPS: 166
2026-01-23 14:53:52 | metrics_collector | INFO | Elapsed: 333.1s | Total: 52,382 | Current TPS: 194 | Avg TPS: 166
2026-01-23 14:53:53 | metrics_collector | INFO | Elapsed: 334.2s | Total: 52,569 | Current TPS: 187 | Avg TPS: 166
2026-01-23 14:53:54 | metrics_collector | INFO | Elapsed: 335.2s | Total: 52,757 | Current TPS: 188 | Avg TPS: 166
2026-01-23 14:53:55 | metrics_collector | INFO | Elapsed: 336.3s | Total: 52,919 | Current TPS: 162 | Avg TPS: 166
2026-01-23 14:53:56 | metrics_collector | INFO | Elapsed: 337.3s | Total: 53,096 | Current TPS: 177 | Avg TPS: 166
2026-01-23 14:53:58 | metrics_collector | INFO | Elapsed: 338.3s | Total: 53,279 | Current TPS: 183 | Avg TPS: 166
2026-01-23 14:53:59 | metrics_collector | INFO | Elapsed: 339.4s | Total: 53,451 | Current TPS: 172 | Avg TPS: 166
2026-01-23 14:54:00 | metrics_collector | INFO | Elapsed: 340.4s | Total: 53,631 | Current TPS: 180 | Avg TPS: 166
2026-01-23 14:54:01 | metrics_collector | INFO | Elapsed: 341.5s | Total: 53,821 | Current TPS: 190 | Avg TPS: 166
2026-01-23 14:54:02 | metrics_collector | INFO | Elapsed: 342.5s | Total: 54,008 | Current TPS: 187 | Avg TPS: 166
2026-01-23 14:54:03 | metrics_collector | INFO | Elapsed: 343.6s | Total: 54,192 | Current TPS: 184 | Avg TPS: 166
2026-01-23 14:54:04 | metrics_collector | INFO | Elapsed: 344.7s | Total: 54,367 | Current TPS: 175 | Avg TPS: 166
2026-01-23 14:54:05 | metrics_collector | INFO | Elapsed: 345.7s | Total: 54,534 | Current TPS: 167 | Avg TPS: 166
2026-01-23 14:54:06 | metrics_collector | INFO | Elapsed: 346.7s | Total: 54,695 | Current TPS: 161 | Avg TPS: 166
2026-01-23 14:54:07 | metrics_collector | INFO | Elapsed: 347.8s | Total: 54,880 | Current TPS: 185 | Avg TPS: 166
2026-01-23 14:54:08 | metrics_collector | INFO | Elapsed: 348.8s | Total: 55,054 | Current TPS: 174 | Avg TPS: 166
2026-01-23 14:54:09 | metrics_collector | INFO | Elapsed: 349.8s | Total: 55,231 | Current TPS: 177 | Avg TPS: 166
2026-01-23 14:54:10 | metrics_collector | INFO | Elapsed: 350.8s | Total: 55,408 | Current TPS: 177 | Avg TPS: 166
2026-01-23 14:54:11 | metrics_collector | INFO | Elapsed: 351.8s | Total: 55,580 | Current TPS: 172 | Avg TPS: 166
2026-01-23 14:54:12 | metrics_collector | INFO | Elapsed: 352.9s | Total: 55,767 | Current TPS: 187 | Avg TPS: 166
2026-01-23 14:54:13 | metrics_collector | INFO | Elapsed: 353.9s | Total: 55,941 | Current TPS: 174 | Avg TPS: 166
2026-01-23 14:54:14 | metrics_collector | INFO | Elapsed: 354.9s | Total: 56,124 | Current TPS: 183 | Avg TPS: 167
2026-01-23 14:54:15 | metrics_collector | INFO | Elapsed: 356.0s | Total: 56,306 | Current TPS: 182 | Avg TPS: 167
2026-01-23 14:54:16 | metrics_collector | INFO | Elapsed: 357.1s | Total: 56,482 | Current TPS: 176 | Avg TPS: 167
2026-01-23 14:54:17 | metrics_collector | INFO | Elapsed: 358.1s | Total: 56,673 | Current TPS: 191 | Avg TPS: 167
2026-01-23 14:54:18 | metrics_collector | INFO | Elapsed: 359.1s | Total: 56,856 | Current TPS: 183 | Avg TPS: 167
2026-01-23 14:54:19 | metrics_collector | INFO | Elapsed: 360.2s | Total: 57,027 | Current TPS: 171 | Avg TPS: 167
2026-01-23 14:54:20 | metrics_collector | INFO | Elapsed: 361.2s | Total: 57,182 | Current TPS: 155 | Avg TPS: 167
2026-01-23 14:54:21 | metrics_collector | INFO | Elapsed: 362.2s | Total: 57,350 | Current TPS: 168 | Avg TPS: 167
2026-01-23 14:54:22 | metrics_collector | INFO | Elapsed: 363.3s | Total: 57,511 | Current TPS: 161 | Avg TPS: 167
2026-01-23 14:54:23 | metrics_collector | INFO | Elapsed: 364.3s | Total: 57,682 | Current TPS: 171 | Avg TPS: 167
2026-01-23 14:54:25 | metrics_collector | INFO | Elapsed: 365.3s | Total: 57,845 | Current TPS: 163 | Avg TPS: 167
2026-01-23 14:54:26 | metrics_collector | INFO | Elapsed: 366.4s | Total: 58,011 | Current TPS: 166 | Avg TPS: 167
2026-01-23 14:54:27 | metrics_collector | INFO | Elapsed: 367.4s | Total: 58,140 | Current TPS: 129 | Avg TPS: 167
2026-01-23 14:54:28 | metrics_collector | INFO | Elapsed: 368.5s | Total: 58,283 | Current TPS: 143 | Avg TPS: 167
2026-01-23 14:54:29 | metrics_collector | INFO | Elapsed: 369.6s | Total: 58,339 | Current TPS: 56 | Avg TPS: 166
2026-01-23 14:54:30 | metrics_collector | INFO | Elapsed: 370.7s | Total: 58,504 | Current TPS: 165 | Avg TPS: 166
2026-01-23 14:54:31 | metrics_collector | INFO | Elapsed: 371.9s | Total: 58,684 | Current TPS: 180 | Avg TPS: 166
2026-01-23 14:54:32 | metrics_collector | INFO | Elapsed: 372.9s | Total: 58,848 | Current TPS: 164 | Avg TPS: 166
2026-01-23 14:54:33 | metrics_collector | INFO | Elapsed: 373.9s | Total: 59,028 | Current TPS: 180 | Avg TPS: 166
2026-01-23 14:54:34 | metrics_collector | INFO | Elapsed: 374.9s | Total: 59,160 | Current TPS: 132 | Avg TPS: 166
2026-01-23 14:54:35 | metrics_collector | INFO | Elapsed: 376.0s | Total: 59,323 | Current TPS: 163 | Avg TPS: 166
2026-01-23 14:54:36 | metrics_collector | INFO | Elapsed: 377.1s | Total: 59,498 | Current TPS: 175 | Avg TPS: 166
2026-01-23 14:54:37 | metrics_collector | INFO | Elapsed: 378.1s | Total: 59,652 | Current TPS: 154 | Avg TPS: 166
2026-01-23 14:54:38 | metrics_collector | INFO | Elapsed: 379.2s | Total: 59,841 | Current TPS: 189 | Avg TPS: 166
2026-01-23 14:54:39 | metrics_collector | INFO | Elapsed: 380.2s | Total: 60,016 | Current TPS: 175 | Avg TPS: 166
2026-01-23 14:54:40 | metrics_collector | INFO | Elapsed: 381.2s | Total: 60,181 | Current TPS: 165 | Avg TPS: 166
2026-01-23 14:54:41 | metrics_collector | INFO | Elapsed: 382.2s | Total: 60,379 | Current TPS: 198 | Avg TPS: 166
2026-01-23 14:54:43 | metrics_collector | INFO | Elapsed: 383.3s | Total: 60,576 | Current TPS: 197 | Avg TPS: 166
2026-01-23 14:54:44 | metrics_collector | INFO | Elapsed: 384.4s | Total: 60,760 | Current TPS: 184 | Avg TPS: 166
2026-01-23 14:54:45 | metrics_collector | INFO | Elapsed: 385.4s | Total: 60,933 | Current TPS: 173 | Avg TPS: 166
2026-01-23 14:54:46 | metrics_collector | INFO | Elapsed: 386.5s | Total: 61,130 | Current TPS: 197 | Avg TPS: 167
2026-01-23 14:54:47 | metrics_collector | INFO | Elapsed: 387.6s | Total: 61,299 | Current TPS: 169 | Avg TPS: 167
2026-01-23 14:54:48 | metrics_collector | INFO | Elapsed: 388.6s | Total: 61,488 | Current TPS: 189 | Avg TPS: 167
2026-01-23 14:54:49 | metrics_collector | INFO | Elapsed: 389.7s | Total: 61,677 | Current TPS: 189 | Avg TPS: 167
2026-01-23 14:54:50 | metrics_collector | INFO | Elapsed: 390.7s | Total: 61,841 | Current TPS: 164 | Avg TPS: 167
2026-01-23 14:54:51 | metrics_collector | INFO | Elapsed: 391.7s | Total: 62,018 | Current TPS: 177 | Avg TPS: 167
2026-01-23 14:54:52 | metrics_collector | INFO | Elapsed: 392.8s | Total: 62,229 | Current TPS: 211 | Avg TPS: 167
2026-01-23 14:54:53 | metrics_collector | INFO | Elapsed: 393.8s | Total: 62,420 | Current TPS: 191 | Avg TPS: 167
2026-01-23 14:54:54 | metrics_collector | INFO | Elapsed: 394.9s | Total: 62,587 | Current TPS: 167 | Avg TPS: 167
2026-01-23 14:54:55 | metrics_collector | INFO | Elapsed: 395.9s | Total: 62,764 | Current TPS: 177 | Avg TPS: 167
2026-01-23 14:54:56 | metrics_collector | INFO | Elapsed: 397.0s | Total: 62,946 | Current TPS: 182 | Avg TPS: 167
2026-01-23 14:54:57 | metrics_collector | INFO | Elapsed: 398.0s | Total: 63,146 | Current TPS: 200 | Avg TPS: 167
2026-01-23 14:54:58 | metrics_collector | INFO | Elapsed: 399.1s | Total: 63,327 | Current TPS: 181 | Avg TPS: 167
2026-01-23 14:54:59 | metrics_collector | INFO | Elapsed: 400.1s | Total: 63,500 | Current TPS: 173 | Avg TPS: 167
2026-01-23 14:55:00 | metrics_collector | INFO | Elapsed: 401.1s | Total: 63,694 | Current TPS: 194 | Avg TPS: 167
2026-01-23 14:55:01 | metrics_collector | INFO | Elapsed: 402.2s | Total: 63,870 | Current TPS: 176 | Avg TPS: 167
2026-01-23 14:55:02 | metrics_collector | INFO | Elapsed: 403.2s | Total: 64,044 | Current TPS: 174 | Avg TPS: 167
2026-01-23 14:55:04 | metrics_collector | INFO | Elapsed: 404.2s | Total: 64,249 | Current TPS: 205 | Avg TPS: 167
2026-01-23 14:55:05 | metrics_collector | INFO | Elapsed: 405.4s | Total: 64,415 | Current TPS: 166 | Avg TPS: 167
2026-01-23 14:55:06 | metrics_collector | INFO | Elapsed: 406.5s | Total: 64,612 | Current TPS: 197 | Avg TPS: 167
2026-01-23 14:55:07 | metrics_collector | INFO | Elapsed: 407.5s | Total: 64,799 | Current TPS: 187 | Avg TPS: 167
2026-01-23 14:55:08 | metrics_collector | INFO | Elapsed: 408.5s | Total: 65,008 | Current TPS: 209 | Avg TPS: 168
2026-01-23 14:55:09 | metrics_collector | INFO | Elapsed: 409.8s | Total: 65,228 | Current TPS: 220 | Avg TPS: 168
2026-01-23 14:55:10 | metrics_collector | INFO | Elapsed: 410.9s | Total: 65,391 | Current TPS: 163 | Avg TPS: 168
2026-01-23 14:55:11 | metrics_collector | INFO | Elapsed: 412.0s | Total: 65,595 | Current TPS: 204 | Avg TPS: 168
2026-01-23 14:55:12 | metrics_collector | INFO | Elapsed: 413.1s | Total: 65,799 | Current TPS: 204 | Avg TPS: 168
2026-01-23 14:55:13 | metrics_collector | INFO | Elapsed: 414.2s | Total: 65,973 | Current TPS: 174 | Avg TPS: 168
2026-01-23 14:55:14 | metrics_collector | INFO | Elapsed: 415.2s | Total: 66,155 | Current TPS: 182 | Avg TPS: 168
2026-01-23 14:55:15 | metrics_collector | INFO | Elapsed: 416.3s | Total: 66,323 | Current TPS: 168 | Avg TPS: 168
2026-01-23 14:55:16 | metrics_collector | INFO | Elapsed: 417.3s | Total: 66,513 | Current TPS: 190 | Avg TPS: 168
2026-01-23 14:55:18 | metrics_collector | INFO | Elapsed: 418.3s | Total: 66,722 | Current TPS: 209 | Avg TPS: 168
2026-01-23 14:55:19 | metrics_collector | INFO | Elapsed: 419.4s | Total: 66,884 | Current TPS: 162 | Avg TPS: 168
2026-01-23 14:55:20 | metrics_collector | INFO | Elapsed: 420.4s | Total: 67,028 | Current TPS: 144 | Avg TPS: 168
2026-01-23 14:55:21 | metrics_collector | INFO | Elapsed: 421.5s | Total: 67,135 | Current TPS: 107 | Avg TPS: 168
2026-01-23 14:55:22 | metrics_collector | INFO | Elapsed: 422.5s | Total: 67,281 | Current TPS: 146 | Avg TPS: 168
2026-01-23 14:55:23 | metrics_collector | INFO | Elapsed: 423.5s | Total: 67,452 | Current TPS: 171 | Avg TPS: 168
2026-01-23 14:55:24 | metrics_collector | INFO | Elapsed: 424.6s | Total: 67,631 | Current TPS: 179 | Avg TPS: 168
2026-01-23 14:55:25 | metrics_collector | INFO | Elapsed: 425.7s | Total: 67,836 | Current TPS: 205 | Avg TPS: 168
2026-01-23 14:55:26 | metrics_collector | INFO | Elapsed: 426.9s | Total: 68,013 | Current TPS: 177 | Avg TPS: 168
2026-01-23 14:55:27 | metrics_collector | INFO | Elapsed: 427.9s | Total: 68,197 | Current TPS: 184 | Avg TPS: 168
2026-01-23 14:55:28 | metrics_collector | INFO | Elapsed: 428.9s | Total: 68,397 | Current TPS: 200 | Avg TPS: 168
2026-01-23 14:55:29 | metrics_collector | INFO | Elapsed: 430.0s | Total: 68,576 | Current TPS: 179 | Avg TPS: 168
2026-01-23 14:55:30 | metrics_collector | INFO | Elapsed: 431.0s | Total: 68,749 | Current TPS: 173 | Avg TPS: 168
2026-01-23 14:55:31 | metrics_collector | INFO | Elapsed: 432.1s | Total: 68,937 | Current TPS: 188 | Avg TPS: 168
2026-01-23 14:55:32 | metrics_collector | INFO | Elapsed: 433.1s | Total: 69,121 | Current TPS: 184 | Avg TPS: 168
2026-01-23 14:55:33 | metrics_collector | INFO | Elapsed: 434.1s | Total: 69,280 | Current TPS: 159 | Avg TPS: 168
2026-01-23 14:55:34 | metrics_collector | INFO | Elapsed: 435.2s | Total: 69,451 | Current TPS: 171 | Avg TPS: 168
2026-01-23 14:55:35 | metrics_collector | INFO | Elapsed: 436.2s | Total: 69,636 | Current TPS: 185 | Avg TPS: 168
2026-01-23 14:55:36 | metrics_collector | INFO | Elapsed: 437.2s | Total: 69,827 | Current TPS: 191 | Avg TPS: 168
2026-01-23 14:55:38 | metrics_collector | INFO | Elapsed: 438.3s | Total: 70,019 | Current TPS: 192 | Avg TPS: 168
2026-01-23 14:55:39 | metrics_collector | INFO | Elapsed: 439.4s | Total: 70,199 | Current TPS: 180 | Avg TPS: 168
2026-01-23 14:55:40 | metrics_collector | INFO | Elapsed: 440.5s | Total: 70,398 | Current TPS: 199 | Avg TPS: 168
2026-01-23 14:55:41 | metrics_collector | INFO | Elapsed: 441.5s | Total: 70,592 | Current TPS: 194 | Avg TPS: 168
2026-01-23 14:55:42 | metrics_collector | INFO | Elapsed: 442.6s | Total: 70,792 | Current TPS: 200 | Avg TPS: 169
2026-01-23 14:55:43 | metrics_collector | INFO | Elapsed: 443.7s | Total: 70,995 | Current TPS: 203 | Avg TPS: 169
2026-01-23 14:55:44 | metrics_collector | INFO | Elapsed: 444.7s | Total: 71,181 | Current TPS: 186 | Avg TPS: 169
2026-01-23 14:55:45 | metrics_collector | INFO | Elapsed: 445.8s | Total: 71,375 | Current TPS: 194 | Avg TPS: 169
2026-01-23 14:55:46 | metrics_collector | INFO | Elapsed: 446.8s | Total: 71,571 | Current TPS: 196 | Avg TPS: 169
2026-01-23 14:55:47 | metrics_collector | INFO | Elapsed: 447.9s | Total: 71,741 | Current TPS: 170 | Avg TPS: 169
2026-01-23 14:55:48 | metrics_collector | INFO | Elapsed: 448.9s | Total: 71,908 | Current TPS: 167 | Avg TPS: 169
2026-01-23 14:55:49 | metrics_collector | INFO | Elapsed: 450.0s | Total: 72,097 | Current TPS: 189 | Avg TPS: 169
2026-01-23 14:55:50 | metrics_collector | INFO | Elapsed: 451.0s | Total: 72,285 | Current TPS: 188 | Avg TPS: 169
2026-01-23 14:55:51 | metrics_collector | INFO | Elapsed: 452.1s | Total: 72,455 | Current TPS: 170 | Avg TPS: 169
2026-01-23 14:55:52 | metrics_collector | INFO | Elapsed: 453.1s | Total: 72,650 | Current TPS: 195 | Avg TPS: 169
2026-01-23 14:55:54 | metrics_collector | INFO | Elapsed: 454.1s | Total: 72,834 | Current TPS: 184 | Avg TPS: 169
2026-01-23 14:55:55 | metrics_collector | INFO | Elapsed: 455.4s | Total: 72,981 | Current TPS: 147 | Avg TPS: 169
2026-01-23 14:55:56 | metrics_collector | INFO | Elapsed: 456.5s | Total: 73,113 | Current TPS: 132 | Avg TPS: 169
2026-01-23 14:55:57 | metrics_collector | INFO | Elapsed: 457.6s | Total: 73,306 | Current TPS: 193 | Avg TPS: 169
2026-01-23 14:55:58 | metrics_collector | INFO | Elapsed: 458.6s | Total: 73,487 | Current TPS: 181 | Avg TPS: 169
2026-01-23 14:55:59 | metrics_collector | INFO | Elapsed: 459.7s | Total: 73,686 | Current TPS: 199 | Avg TPS: 169
2026-01-23 14:56:00 | metrics_collector | INFO | Elapsed: 460.8s | Total: 73,884 | Current TPS: 198 | Avg TPS: 169
2026-01-23 14:56:01 | metrics_collector | INFO | Elapsed: 461.8s | Total: 74,059 | Current TPS: 175 | Avg TPS: 169
2026-01-23 14:56:02 | metrics_collector | INFO | Elapsed: 462.8s | Total: 74,291 | Current TPS: 232 | Avg TPS: 169
2026-01-23 14:56:03 | metrics_collector | INFO | Elapsed: 464.1s | Total: 74,460 | Current TPS: 169 | Avg TPS: 169
2026-01-23 14:56:04 | metrics_collector | INFO | Elapsed: 465.1s | Total: 74,634 | Current TPS: 174 | Avg TPS: 169
2026-01-23 14:56:05 | metrics_collector | INFO | Elapsed: 466.1s | Total: 74,838 | Current TPS: 204 | Avg TPS: 169
2026-01-23 14:56:06 | metrics_collector | INFO | Elapsed: 467.2s | Total: 75,021 | Current TPS: 183 | Avg TPS: 169
2026-01-23 14:56:07 | metrics_collector | INFO | Elapsed: 468.3s | Total: 75,198 | Current TPS: 177 | Avg TPS: 169
2026-01-23 14:56:09 | metrics_collector | INFO | Elapsed: 469.4s | Total: 75,374 | Current TPS: 176 | Avg TPS: 169
2026-01-23 14:56:10 | metrics_collector | INFO | Elapsed: 470.4s | Total: 75,563 | Current TPS: 189 | Avg TPS: 169
2026-01-23 14:56:11 | metrics_collector | INFO | Elapsed: 471.5s | Total: 75,757 | Current TPS: 194 | Avg TPS: 169
2026-01-23 14:56:12 | metrics_collector | INFO | Elapsed: 472.5s | Total: 75,944 | Current TPS: 187 | Avg TPS: 170
2026-01-23 14:56:13 | metrics_collector | INFO | Elapsed: 473.6s | Total: 76,117 | Current TPS: 173 | Avg TPS: 170
2026-01-23 14:56:14 | metrics_collector | INFO | Elapsed: 474.6s | Total: 76,313 | Current TPS: 196 | Avg TPS: 170
2026-01-23 14:56:15 | metrics_collector | INFO | Elapsed: 475.7s | Total: 76,509 | Current TPS: 196 | Avg TPS: 170
2026-01-23 14:56:16 | metrics_collector | INFO | Elapsed: 476.7s | Total: 76,697 | Current TPS: 188 | Avg TPS: 170
2026-01-23 14:56:17 | metrics_collector | INFO | Elapsed: 477.8s | Total: 76,897 | Current TPS: 200 | Avg TPS: 170
2026-01-23 14:56:18 | metrics_collector | INFO | Elapsed: 478.8s | Total: 77,076 | Current TPS: 179 | Avg TPS: 170
2026-01-23 14:56:19 | metrics_collector | INFO | Elapsed: 479.8s | Total: 77,277 | Current TPS: 201 | Avg TPS: 170
2026-01-23 14:56:20 | metrics_collector | INFO | Elapsed: 480.9s | Total: 77,473 | Current TPS: 196 | Avg TPS: 170
2026-01-23 14:56:21 | metrics_collector | INFO | Elapsed: 481.9s | Total: 77,662 | Current TPS: 189 | Avg TPS: 170
2026-01-23 14:56:22 | metrics_collector | INFO | Elapsed: 483.0s | Total: 77,860 | Current TPS: 198 | Avg TPS: 170
2026-01-23 14:56:23 | metrics_collector | INFO | Elapsed: 484.0s | Total: 78,050 | Current TPS: 190 | Avg TPS: 170
2026-01-23 14:56:24 | metrics_collector | INFO | Elapsed: 485.0s | Total: 78,217 | Current TPS: 167 | Avg TPS: 170
2026-01-23 14:56:25 | metrics_collector | INFO | Elapsed: 486.1s | Total: 78,399 | Current TPS: 182 | Avg TPS: 170
2026-01-23 14:56:26 | metrics_collector | INFO | Elapsed: 487.1s | Total: 78,571 | Current TPS: 172 | Avg TPS: 170
2026-01-23 14:56:27 | metrics_collector | INFO | Elapsed: 488.1s | Total: 78,751 | Current TPS: 180 | Avg TPS: 170
2026-01-23 14:56:28 | metrics_collector | INFO | Elapsed: 489.1s | Total: 78,936 | Current TPS: 185 | Avg TPS: 170
2026-01-23 14:56:29 | metrics_collector | INFO | Elapsed: 490.2s | Total: 79,142 | Current TPS: 206 | Avg TPS: 170
2026-01-23 14:56:30 | metrics_collector | INFO | Elapsed: 491.3s | Total: 79,312 | Current TPS: 170 | Avg TPS: 170
2026-01-23 14:56:32 | metrics_collector | INFO | Elapsed: 492.3s | Total: 79,522 | Current TPS: 210 | Avg TPS: 170
2026-01-23 14:56:33 | metrics_collector | INFO | Elapsed: 493.5s | Total: 79,705 | Current TPS: 183 | Avg TPS: 170
2026-01-23 14:56:34 | metrics_collector | INFO | Elapsed: 494.5s | Total: 79,880 | Current TPS: 175 | Avg TPS: 170
2026-01-23 14:56:35 | metrics_collector | INFO | Elapsed: 495.5s | Total: 80,071 | Current TPS: 191 | Avg TPS: 170
2026-01-23 14:56:36 | metrics_collector | INFO | Elapsed: 496.6s | Total: 80,239 | Current TPS: 168 | Avg TPS: 170
2026-01-23 14:56:37 | metrics_collector | INFO | Elapsed: 497.6s | Total: 80,409 | Current TPS: 170 | Avg TPS: 170
2026-01-23 14:56:38 | metrics_collector | INFO | Elapsed: 498.6s | Total: 80,599 | Current TPS: 190 | Avg TPS: 170
2026-01-23 14:56:39 | metrics_collector | INFO | Elapsed: 499.7s | Total: 80,784 | Current TPS: 185 | Avg TPS: 170
2026-01-23 14:56:40 | metrics_collector | INFO | Elapsed: 500.7s | Total: 80,962 | Current TPS: 178 | Avg TPS: 170
2026-01-23 14:56:41 | metrics_collector | INFO | Elapsed: 501.8s | Total: 81,192 | Current TPS: 230 | Avg TPS: 171
2026-01-23 14:56:42 | metrics_collector | INFO | Elapsed: 503.0s | Total: 81,392 | Current TPS: 200 | Avg TPS: 171
2026-01-23 14:56:43 | metrics_collector | INFO | Elapsed: 504.1s | Total: 81,571 | Current TPS: 179 | Avg TPS: 171
2026-01-23 14:56:44 | metrics_collector | INFO | Elapsed: 505.1s | Total: 81,752 | Current TPS: 181 | Avg TPS: 171
2026-01-23 14:56:45 | metrics_collector | INFO | Elapsed: 506.2s | Total: 81,942 | Current TPS: 190 | Avg TPS: 171
2026-01-23 14:56:46 | metrics_collector | INFO | Elapsed: 507.2s | Total: 82,125 | Current TPS: 183 | Avg TPS: 171
2026-01-23 14:56:47 | metrics_collector | INFO | Elapsed: 508.2s | Total: 82,307 | Current TPS: 182 | Avg TPS: 171
2026-01-23 14:56:49 | metrics_collector | INFO | Elapsed: 509.3s | Total: 82,488 | Current TPS: 181 | Avg TPS: 171
2026-01-23 14:56:50 | metrics_collector | INFO | Elapsed: 510.4s | Total: 82,698 | Current TPS: 210 | Avg TPS: 171
2026-01-23 14:56:51 | metrics_collector | INFO | Elapsed: 511.5s | Total: 82,876 | Current TPS: 178 | Avg TPS: 171
2026-01-23 14:56:52 | metrics_collector | INFO | Elapsed: 512.6s | Total: 83,073 | Current TPS: 197 | Avg TPS: 171
2026-01-23 14:56:53 | metrics_collector | INFO | Elapsed: 513.6s | Total: 83,271 | Current TPS: 198 | Avg TPS: 171
2026-01-23 14:56:54 | metrics_collector | INFO | Elapsed: 514.7s | Total: 83,464 | Current TPS: 193 | Avg TPS: 171
2026-01-23 14:56:55 | metrics_collector | INFO | Elapsed: 515.7s | Total: 83,661 | Current TPS: 197 | Avg TPS: 171
2026-01-23 14:56:56 | metrics_collector | INFO | Elapsed: 516.7s | Total: 83,855 | Current TPS: 194 | Avg TPS: 171
2026-01-23 14:56:57 | metrics_collector | INFO | Elapsed: 517.8s | Total: 84,039 | Current TPS: 184 | Avg TPS: 171
2026-01-23 14:56:58 | metrics_collector | INFO | Elapsed: 518.8s | Total: 84,219 | Current TPS: 180 | Avg TPS: 171
2026-01-23 14:56:59 | metrics_collector | INFO | Elapsed: 519.9s | Total: 84,417 | Current TPS: 198 | Avg TPS: 171
2026-01-23 14:57:00 | metrics_collector | INFO | Elapsed: 521.0s | Total: 84,595 | Current TPS: 178 | Avg TPS: 171
2026-01-23 14:57:01 | metrics_collector | INFO | Elapsed: 522.0s | Total: 84,782 | Current TPS: 187 | Avg TPS: 171
2026-01-23 14:57:02 | metrics_collector | INFO | Elapsed: 523.1s | Total: 84,968 | Current TPS: 186 | Avg TPS: 171
2026-01-23 14:57:03 | metrics_collector | INFO | Elapsed: 524.2s | Total: 85,153 | Current TPS: 185 | Avg TPS: 171
2026-01-23 14:57:04 | metrics_collector | INFO | Elapsed: 525.2s | Total: 85,316 | Current TPS: 163 | Avg TPS: 171
2026-01-23 14:57:05 | metrics_collector | INFO | Elapsed: 526.2s | Total: 85,498 | Current TPS: 182 | Avg TPS: 171
2026-01-23 14:57:06 | metrics_collector | INFO | Elapsed: 527.2s | Total: 85,685 | Current TPS: 187 | Avg TPS: 171
2026-01-23 14:57:07 | metrics_collector | INFO | Elapsed: 528.3s | Total: 85,858 | Current TPS: 173 | Avg TPS: 171
2026-01-23 14:57:08 | metrics_collector | INFO | Elapsed: 529.3s | Total: 86,052 | Current TPS: 194 | Avg TPS: 171
2026-01-23 14:57:09 | metrics_collector | INFO | Elapsed: 530.3s | Total: 86,243 | Current TPS: 191 | Avg TPS: 171
2026-01-23 14:57:10 | metrics_collector | INFO | Elapsed: 531.4s | Total: 86,420 | Current TPS: 177 | Avg TPS: 171
2026-01-23 14:57:12 | metrics_collector | INFO | Elapsed: 532.4s | Total: 86,608 | Current TPS: 188 | Avg TPS: 172
2026-01-23 14:57:13 | metrics_collector | INFO | Elapsed: 533.4s | Total: 86,804 | Current TPS: 196 | Avg TPS: 172
2026-01-23 14:57:14 | metrics_collector | INFO | Elapsed: 534.5s | Total: 86,982 | Current TPS: 178 | Avg TPS: 172
2026-01-23 14:57:15 | metrics_collector | INFO | Elapsed: 535.5s | Total: 87,171 | Current TPS: 189 | Avg TPS: 172
2026-01-23 14:57:16 | metrics_collector | INFO | Elapsed: 536.6s | Total: 87,343 | Current TPS: 172 | Avg TPS: 172
2026-01-23 14:57:17 | metrics_collector | INFO | Elapsed: 537.6s | Total: 87,520 | Current TPS: 177 | Avg TPS: 172
2026-01-23 14:57:18 | metrics_collector | INFO | Elapsed: 538.6s | Total: 87,723 | Current TPS: 203 | Avg TPS: 172
2026-01-23 14:57:19 | metrics_collector | INFO | Elapsed: 539.8s | Total: 87,912 | Current TPS: 189 | Avg TPS: 172
2026-01-23 14:57:20 | metrics_collector | INFO | Elapsed: 540.8s | Total: 88,110 | Current TPS: 198 | Avg TPS: 172
2026-01-23 14:57:21 | metrics_collector | INFO | Elapsed: 541.8s | Total: 88,282 | Current TPS: 172 | Avg TPS: 172
2026-01-23 14:57:22 | metrics_collector | INFO | Elapsed: 542.9s | Total: 88,468 | Current TPS: 186 | Avg TPS: 172
2026-01-23 14:57:23 | metrics_collector | INFO | Elapsed: 544.0s | Total: 88,666 | Current TPS: 198 | Avg TPS: 172
2026-01-23 14:57:24 | metrics_collector | INFO | Elapsed: 545.0s | Total: 88,848 | Current TPS: 182 | Avg TPS: 172
2026-01-23 14:57:25 | metrics_collector | INFO | Elapsed: 546.1s | Total: 89,033 | Current TPS: 185 | Avg TPS: 172
2026-01-23 14:57:26 | metrics_collector | INFO | Elapsed: 547.1s | Total: 89,239 | Current TPS: 206 | Avg TPS: 172
2026-01-23 14:57:27 | metrics_collector | INFO | Elapsed: 548.2s | Total: 89,428 | Current TPS: 189 | Avg TPS: 172
2026-01-23 14:57:28 | metrics_collector | INFO | Elapsed: 549.2s | Total: 89,610 | Current TPS: 182 | Avg TPS: 172
2026-01-23 14:57:29 | metrics_collector | INFO | Elapsed: 550.3s | Total: 89,805 | Current TPS: 195 | Avg TPS: 172
2026-01-23 14:57:31 | metrics_collector | INFO | Elapsed: 551.4s | Total: 89,991 | Current TPS: 186 | Avg TPS: 172
2026-01-23 14:57:32 | metrics_collector | INFO | Elapsed: 552.5s | Total: 90,157 | Current TPS: 166 | Avg TPS: 172
2026-01-23 14:57:33 | metrics_collector | INFO | Elapsed: 553.5s | Total: 90,369 | Current TPS: 212 | Avg TPS: 172
2026-01-23 14:57:34 | metrics_collector | INFO | Elapsed: 554.7s | Total: 90,548 | Current TPS: 179 | Avg TPS: 172
2026-01-23 14:57:35 | metrics_collector | INFO | Elapsed: 555.7s | Total: 90,697 | Current TPS: 149 | Avg TPS: 172
2026-01-23 14:57:36 | metrics_collector | INFO | Elapsed: 556.8s | Total: 90,885 | Current TPS: 188 | Avg TPS: 172
2026-01-23 14:57:37 | metrics_collector | INFO | Elapsed: 557.9s | Total: 91,078 | Current TPS: 193 | Avg TPS: 172
2026-01-23 14:57:38 | metrics_collector | INFO | Elapsed: 559.0s | Total: 91,254 | Current TPS: 176 | Avg TPS: 172
2026-01-23 14:57:39 | metrics_collector | INFO | Elapsed: 560.0s | Total: 91,435 | Current TPS: 181 | Avg TPS: 172
2026-01-23 14:57:40 | metrics_collector | INFO | Elapsed: 561.1s | Total: 91,631 | Current TPS: 196 | Avg TPS: 172
2026-01-23 14:57:42 | metrics_collector | INFO | Elapsed: 562.1s | Total: 91,848 | Current TPS: 217 | Avg TPS: 172
2026-01-23 14:57:43 | metrics_collector | INFO | Elapsed: 563.4s | Total: 92,022 | Current TPS: 174 | Avg TPS: 172
2026-01-23 14:57:44 | metrics_collector | INFO | Elapsed: 564.4s | Total: 92,255 | Current TPS: 233 | Avg TPS: 172
2026-01-23 14:57:45 | metrics_collector | INFO | Elapsed: 565.7s | Total: 92,453 | Current TPS: 198 | Avg TPS: 172
2026-01-23 14:57:46 | metrics_collector | INFO | Elapsed: 566.8s | Total: 92,629 | Current TPS: 176 | Avg TPS: 172
2026-01-23 14:57:47 | metrics_collector | INFO | Elapsed: 567.8s | Total: 92,749 | Current TPS: 120 | Avg TPS: 172
2026-01-23 14:57:48 | metrics_collector | INFO | Elapsed: 568.8s | Total: 92,942 | Current TPS: 193 | Avg TPS: 172
2026-01-23 14:57:49 | metrics_collector | INFO | Elapsed: 569.9s | Total: 93,132 | Current TPS: 190 | Avg TPS: 172
2026-01-23 14:57:50 | metrics_collector | INFO | Elapsed: 570.9s | Total: 93,311 | Current TPS: 179 | Avg TPS: 172
2026-01-23 14:57:51 | metrics_collector | INFO | Elapsed: 572.0s | Total: 93,511 | Current TPS: 200 | Avg TPS: 173
2026-01-23 14:57:52 | metrics_collector | INFO | Elapsed: 573.0s | Total: 93,687 | Current TPS: 176 | Avg TPS: 173
2026-01-23 14:57:53 | metrics_collector | INFO | Elapsed: 574.0s | Total: 93,888 | Current TPS: 201 | Avg TPS: 173
2026-01-23 14:57:54 | metrics_collector | INFO | Elapsed: 575.1s | Total: 94,088 | Current TPS: 200 | Avg TPS: 173
2026-01-23 14:57:55 | metrics_collector | INFO | Elapsed: 576.2s | Total: 94,279 | Current TPS: 191 | Avg TPS: 173
2026-01-23 14:57:56 | metrics_collector | INFO | Elapsed: 577.3s | Total: 94,447 | Current TPS: 168 | Avg TPS: 173
2026-01-23 14:57:58 | metrics_collector | INFO | Elapsed: 578.3s | Total: 94,653 | Current TPS: 206 | Avg TPS: 173
2026-01-23 14:57:59 | metrics_collector | INFO | Elapsed: 579.4s | Total: 94,844 | Current TPS: 191 | Avg TPS: 173
2026-01-23 14:58:00 | metrics_collector | INFO | Elapsed: 580.5s | Total: 95,031 | Current TPS: 187 | Avg TPS: 173
2026-01-23 14:58:01 | metrics_collector | INFO | Elapsed: 581.5s | Total: 95,207 | Current TPS: 176 | Avg TPS: 173
2026-01-23 14:58:02 | metrics_collector | INFO | Elapsed: 582.6s | Total: 95,370 | Current TPS: 163 | Avg TPS: 173
2026-01-23 14:58:03 | metrics_collector | INFO | Elapsed: 583.6s | Total: 95,544 | Current TPS: 174 | Avg TPS: 173
2026-01-23 14:58:04 | metrics_collector | INFO | Elapsed: 584.6s | Total: 95,672 | Current TPS: 128 | Avg TPS: 173
2026-01-23 14:58:05 | metrics_collector | INFO | Elapsed: 585.7s | Total: 95,804 | Current TPS: 132 | Avg TPS: 173
2026-01-23 14:58:06 | metrics_collector | INFO | Elapsed: 586.7s | Total: 95,936 | Current TPS: 132 | Avg TPS: 173
2026-01-23 14:58:07 | metrics_collector | INFO | Elapsed: 587.7s | Total: 96,122 | Current TPS: 186 | Avg TPS: 173
2026-01-23 14:58:08 | metrics_collector | INFO | Elapsed: 588.9s | Total: 96,312 | Current TPS: 190 | Avg TPS: 173
2026-01-23 14:58:09 | metrics_collector | INFO | Elapsed: 590.0s | Total: 96,490 | Current TPS: 178 | Avg TPS: 173
2026-01-23 14:58:10 | metrics_collector | INFO | Elapsed: 591.0s | Total: 96,674 | Current TPS: 184 | Avg TPS: 173
2026-01-23 14:58:11 | metrics_collector | INFO | Elapsed: 592.1s | Total: 96,835 | Current TPS: 161 | Avg TPS: 173
2026-01-23 14:58:12 | metrics_collector | INFO | Elapsed: 593.1s | Total: 97,016 | Current TPS: 181 | Avg TPS: 173
2026-01-23 14:58:14 | metrics_collector | INFO | Elapsed: 594.2s | Total: 97,129 | Current TPS: 113 | Avg TPS: 173
2026-01-23 14:58:15 | metrics_collector | INFO | Elapsed: 595.4s | Total: 97,181 | Current TPS: 52 | Avg TPS: 172
2026-01-23 14:58:16 | metrics_collector | INFO | Elapsed: 596.4s | Total: 97,291 | Current TPS: 110 | Avg TPS: 172
2026-01-23 14:58:17 | metrics_collector | INFO | Elapsed: 597.5s | Total: 97,429 | Current TPS: 138 | Avg TPS: 172
2026-01-23 14:58:18 | metrics_collector | INFO | Elapsed: 598.5s | Total: 97,609 | Current TPS: 180 | Avg TPS: 172
2026-01-23 14:58:19 | metrics_collector | INFO | Elapsed: 599.7s | Total: 97,782 | Current TPS: 173 | Avg TPS: 172
2026-01-23 14:58:20 | metrics_collector | INFO | Elapsed: 600.7s | Total: 97,946 | Current TPS: 164 | Avg TPS: 172
2026-01-23 14:58:21 | metrics_collector | INFO | Elapsed: 601.8s | Total: 98,116 | Current TPS: 170 | Avg TPS: 172
2026-01-23 14:58:22 | metrics_collector | INFO | Elapsed: 602.8s | Total: 98,280 | Current TPS: 164 | Avg TPS: 172
2026-01-23 14:58:23 | metrics_collector | INFO | Elapsed: 603.8s | Total: 98,441 | Current TPS: 161 | Avg TPS: 172
2026-01-23 14:58:24 | metrics_collector | INFO | Elapsed: 604.9s | Total: 98,614 | Current TPS: 173 | Avg TPS: 172
2026-01-23 14:58:25 | metrics_collector | INFO | Elapsed: 605.9s | Total: 98,800 | Current TPS: 186 | Avg TPS: 172
2026-01-23 14:58:26 | metrics_collector | INFO | Elapsed: 607.0s | Total: 98,958 | Current TPS: 158 | Avg TPS: 172
2026-01-23 14:58:27 | metrics_collector | INFO | Elapsed: 608.0s | Total: 99,129 | Current TPS: 171 | Avg TPS: 172
2026-01-23 14:58:28 | metrics_collector | INFO | Elapsed: 609.1s | Total: 99,297 | Current TPS: 168 | Avg TPS: 172
2026-01-23 14:58:29 | metrics_collector | INFO | Elapsed: 610.1s | Total: 99,470 | Current TPS: 173 | Avg TPS: 172
2026-01-23 14:58:30 | metrics_collector | INFO | Elapsed: 611.3s | Total: 99,652 | Current TPS: 182 | Avg TPS: 172
2026-01-23 14:58:31 | metrics_collector | INFO | Elapsed: 612.3s | Total: 99,824 | Current TPS: 172 | Avg TPS: 172
2026-01-23 14:58:33 | metrics_collector | INFO | Elapsed: 613.4s | Total: 100,016 | Current TPS: 192 | Avg TPS: 172
2026-01-23 14:58:34 | metrics_collector | INFO | Elapsed: 614.4s | Total: 100,197 | Current TPS: 181 | Avg TPS: 172
2026-01-23 14:58:35 | metrics_collector | INFO | Elapsed: 615.5s | Total: 100,370 | Current TPS: 173 | Avg TPS: 172
2026-01-23 14:58:36 | metrics_collector | INFO | Elapsed: 616.5s | Total: 100,563 | Current TPS: 193 | Avg TPS: 172
2026-01-23 14:58:37 | metrics_collector | INFO | Elapsed: 617.6s | Total: 100,746 | Current TPS: 183 | Avg TPS: 172
2026-01-23 14:58:38 | metrics_collector | INFO | Elapsed: 618.6s | Total: 100,932 | Current TPS: 186 | Avg TPS: 172
2026-01-23 14:58:39 | metrics_collector | INFO | Elapsed: 619.7s | Total: 101,130 | Current TPS: 198 | Avg TPS: 172
2026-01-23 14:58:40 | metrics_collector | INFO | Elapsed: 620.7s | Total: 101,305 | Current TPS: 175 | Avg TPS: 172
2026-01-23 14:58:41 | metrics_collector | INFO | Elapsed: 621.7s | Total: 101,478 | Current TPS: 173 | Avg TPS: 172
2026-01-23 14:58:42 | metrics_collector | INFO | Elapsed: 622.8s | Total: 101,656 | Current TPS: 178 | Avg TPS: 172
2026-01-23 14:58:43 | metrics_collector | INFO | Elapsed: 623.8s | Total: 101,837 | Current TPS: 181 | Avg TPS: 172
2026-01-23 14:58:44 | metrics_collector | INFO | Elapsed: 624.9s | Total: 102,003 | Current TPS: 166 | Avg TPS: 172
2026-01-23 14:58:45 | metrics_collector | INFO | Elapsed: 625.9s | Total: 102,152 | Current TPS: 149 | Avg TPS: 172
2026-01-23 14:58:46 | metrics_collector | INFO | Elapsed: 627.1s | Total: 102,274 | Current TPS: 122 | Avg TPS: 172
2026-01-23 14:58:47 | metrics_collector | INFO | Elapsed: 628.1s | Total: 102,426 | Current TPS: 152 | Avg TPS: 172
2026-01-23 14:58:48 | metrics_collector | INFO | Elapsed: 629.2s | Total: 102,587 | Current TPS: 161 | Avg TPS: 172
2026-01-23 14:58:49 | metrics_collector | INFO | Elapsed: 630.2s | Total: 102,764 | Current TPS: 177 | Avg TPS: 172
2026-01-23 14:58:50 | metrics_collector | INFO | Elapsed: 631.3s | Total: 102,954 | Current TPS: 190 | Avg TPS: 172
2026-01-23 14:58:51 | metrics_collector | INFO | Elapsed: 632.3s | Total: 103,116 | Current TPS: 162 | Avg TPS: 172
2026-01-23 14:58:53 | metrics_collector | INFO | Elapsed: 633.4s | Total: 103,282 | Current TPS: 166 | Avg TPS: 172
2026-01-23 14:58:54 | metrics_collector | INFO | Elapsed: 634.4s | Total: 103,460 | Current TPS: 178 | Avg TPS: 172
2026-01-23 14:58:55 | metrics_collector | INFO | Elapsed: 635.5s | Total: 103,610 | Current TPS: 150 | Avg TPS: 172
2026-01-23 14:58:56 | metrics_collector | INFO | Elapsed: 636.5s | Total: 103,750 | Current TPS: 140 | Avg TPS: 172
2026-01-23 14:58:57 | metrics_collector | INFO | Elapsed: 637.6s | Total: 103,927 | Current TPS: 177 | Avg TPS: 172
2026-01-23 14:58:58 | metrics_collector | INFO | Elapsed: 638.6s | Total: 104,100 | Current TPS: 173 | Avg TPS: 172
2026-01-23 14:58:59 | metrics_collector | INFO | Elapsed: 639.7s | Total: 104,271 | Current TPS: 171 | Avg TPS: 172
2026-01-23 14:59:00 | metrics_collector | INFO | Elapsed: 640.8s | Total: 104,448 | Current TPS: 177 | Avg TPS: 172
2026-01-23 14:59:01 | metrics_collector | INFO | ============================================================
2026-01-23 14:59:01 | metrics_collector | INFO | FINAL SUMMARY
2026-01-23 14:59:01 | metrics_collector | INFO | Total Monitoring Time: 641.45s
2026-01-23 14:59:01 | metrics_collector | INFO | Total Trades: 104,448
2026-01-23 14:59:01 | metrics_collector | INFO | Average TPS: 172.07
2026-01-23 14:59:01 | metrics_collector | INFO | Peak TPS: 285.00
2026-01-23 14:59:01 | metrics_collector | INFO | ============================================================
